7.8781 4.7054 1
8.2315 3.3452 1
8.1162 4.1552 1
8.8104 2.9136 1
6.1135 7.3749 1
8.0502 4.2200 0
7.6411 4.4780 1
8.1291 4.1557 1
7.3931 3.6217 0
7.2612 2.5808 0
7.4298 2.6913 0
8.3424 5.1106 0
7.5010 2.7673 0
7.9457 3.5450 1
8.3361 3.7325 1
7.0980 2.4861 0
8.0656 4.5151 0
8.2327 3.7404 0
7.5616 4.2614 1
9.5957 6.7484 0
8.2232 3.1037 1
7.7583 2.8905 0
8.6285 4.5076 0
7.4543 4.4418 1
8.4137 2.9291 1
7.2269 2.0747 0
8.5308 5.1322 0
8.7521 5.1612 0
7.3604 4.4482 1
7.7362 3.9444 0
7.4344 3.0754 0
7.2364 5.3918 1
8.3111 2.9191 1
7.8162 4.7235 1
8.2394 4.0153 0
8.3874 5.1736 0
8.6515 4.6602 0
8.1567 4.1751 0
6.9683 2.7821 0
7.7879 3.4767 0
8.5242 5.2419 0
7.4249 5.7661 1
8.4981 4.9031 0
8.5047 3.0425 1
7.4282 4.7786 1
7.8155 5.5220 1
7.5937 3.2281 0
8.0199 4.4861 0
8.8123 5.6991 0
8.8716 5.0095 0
7.9550 3.5593 1
8.5026 5.0340 0
8.1154 4.1593 0
8.3001 3.8606 1
6.9103 5.5474 1
7.8750 3.5680 1
8.3185 3.1435 1
7.7248 5.0003 1
8.8811 5.2831 0
7.6938 3.1557 0
8.1290 3.1111 1
8.7668 4.7298 0
8.4411 2.7519 1
8.4088 5.1522 0
7.8574 4.5922 1
8.3130 3.8721 1
7.5805 4.9419 1
7.7557 3.5178 0
8.8573 5.1897 0
8.2311 3.1443 1
8.5950 2.5937 1
9.3359 1.6210 1
8.8276 2.4354 1
7.0483 5.1253 1
8.7943 5.6222 0
6.6332 6.6072 1
8.4182 4.8894 0
8.3791 4.5595 0
8.3221 3.9453 1
7.5081 3.2649 0
8.9173 5.3313 0
8.7169 2.9535 1
9.3217 5.5221 0
8.1540 3.6651 1
7.5624 4.4700 1
8.3033 3.5773 1
8.6671 2.7000 1
7.1894 5.3165 1
7.6708 4.3679 1
8.9562 2.8664 1
8.6400 4.3386 0
8.4635 2.9431 1
7.6259 4.8715 1
7.8269 4.3656 1
8.8702 5.9650 0
8.3588 3.6541 1
8.4368 3.3711 1
7.9522 3.9517 0
8.4936 4.5771 0
7.6905 3.5504 0
7.6033 3.6446 0
7.6522 4.2498 1
8.3917 2.8207 1
8.7061 3.1957 1
7.5986 3.3385 0
7.9855 3.6640 1
8.5555 5.5401 0
8.5334 2.7200 1
8.7493 2.8173 1
8.2112 3.6850 1
7.5859 4.1563 1
8.2107 3.8947 1
7.3761 3.2730 0
8.5675 5.3443 0
8.1745 3.5441 1
8.0780 3.6068 1
8.5289 4.7153 0
7.3718 4.1598 1
8.1520 3.8616 1
7.7060 3.2904 0
8.0488 4.4487 1
8.0165 4.2103 1
7.6439 3.0933 0
8.1073 3.7825 1
7.9802 4.0255 1
7.4479 2.6475 0
8.8840 5.4660 0
8.5742 4.5910 0
8.6108 5.3602 0
7.8517 4.3983 1
7.5950 3.6390 0
8.1476 5.2935 0
7.5033 2.6200 0
7.7171 4.3626 1
7.7895 4.6689 1
7.5271 3.1747 0
7.2866 2.2595 0
8.5490 2.8963 1
8.5045 2.8110 1
8.5178 3.2977 1
8.3708 4.5508 0
8.2725 4.8659 0
8.9508 2.3956 1
8.9358 2.2556 1
7.2895 2.8650 0
7.4533 2.8450 0
8.6816 5.3888 0
7.4788 2.7689 0
7.7125 4.7282 1
7.6646 3.5321 0
9.1032 6.1352 0
8.6684 2.2338 1
7.0685 2.7046 0
7.6295 3.4625 0
8.4838 4.3483 0
7.6706 4.3943 1
7.9670 4.1173 0
7.4810 3.4026 0
8.2367 4.9038 0
8.5678 5.2713 0
6.7341 1.5784 0
7.7314 3.8925 0
8.7644 6.0026 0
7.9739 3.4661 1
7.8171 4.1767 1
7.2950 4.6860 1
7.8228 3.2920 1
7.8016 4.5985 1
7.8575 4.7039 1
7.5000 4.0912 1
8.1484 3.4835 1
8.4345 4.9449 0
7.6893 3.7749 0
8.4535 4.7401 0
8.2030 3.9293 1
8.9085 3.1091 1
8.4065 3.0651 1
7.6655 3.2479 0
7.6877 4.7600 1
8.6723 5.5640 0
8.5257 4.7707 0
8.8261 2.5946 1
8.0073 3.8941 1
7.5585 4.1538 1
8.3848 5.3310 0
7.7555 4.1675 0
7.2226 3.1796 0
7.8233 5.5378 1
8.3230 4.5188 0
7.8372 4.7323 1
9.4923 6.7717 0
7.6086 4.5486 1
7.9626 3.7778 0
7.5284 3.1304 0
8.4532 4.5201 0
7.9783 3.8494 1
7.2415 3.4296 0
8.9696 5.2485 0
7.8175 3.7291 0
8.4329 4.4938 0
6.9667 5.6501 1
8.3488 3.4223 1
7.8852 4.6282 1
8.3408 3.8142 1
8.0613 4.4415 0
8.1890 4.2188 0
7.8481 3.7593 1
7.8495 3.9041 0
8.3295 5.0074 0
7.9261 4.3961 1
7.9450 4.1997 1
7.4916 2.5411 0
8.0668 4.9965 0
8.9166 5.5871 0
7.5310 4.4303 1
8.2359 4.1494 0
8.0946 4.7219 0
8.5734 4.7042 0
7.8782 3.8799 0
7.4448 4.9231 1
7.2450 4.7714 1
7.1799 2.6451 0
8.0981 4.1041 0
8.3783 3.4953 1
7.7106 4.5047 1
7.9651 3.8598 0
7.7753 4.6774 1
8.0166 3.7232 1
7.4234 3.0639 0
8.3554 4.7084 0
8.2150 3.3985 1
8.3909 4.3518 0
8.7690 5.6595 0
8.4249 3.0045 1
7.3361 2.6759 0
8.1333 4.5003 0
8.5797 2.5805 1
8.4595 4.7953 0
7.6072 3.4245 0
7.1310 2.5279 0
7.9109 3.5529 1
7.6495 4.1765 1
7.9196 3.2753 1
7.3869 4.3675 1
7.2267 3.1575 0
7.6988 3.3854 0
8.4958 5.0135 0
7.6830 2.5603 0
7.6457 3.1527 0
7.5493 4.4612 1
8.5055 4.3309 0
7.2165 2.7633 0
7.7640 4.0639 0
9.4030 1.2403 1
8.3081 3.2432 1
7.6544 4.4898 1
8.0140 3.7345 1
8.9275 5.7481 0
7.7471 4.8043 1
7.9795 4.1520 0
7.9829 4.2947 1
6.7644 6.3435 1
7.3938 5.4047 1
7.9990 4.1786 1
8.8056 2.6498 1
9.0638 5.7467 0
7.6501 3.0709 0
8.5095 3.1404 1
7.7971 3.7371 1
7.6536 3.1677 0
7.3190 5.2853 1
8.1797 3.6440 1
8.9056 2.1889 1
7.1338 2.5479 0
8.1963 2.6841 1
7.4918 5.4493 1
7.8066 3.8364 0
8.9830 2.4779 1
8.1339 3.7189 1
8.0614 3.9116 1
8.3353 4.3946 0
7.9649 3.9538 1
7.7733 4.0659 0
7.8015 3.1710 0
7.5642 4.4887 1
7.8807 3.8237 0
8.3645 4.2331 1
8.6635 4.9610 0
8.8329 5.8418 0
8.1420 4.4345 0
7.1541 2.0983 0
8.7325 5.1609 0
8.1588 3.4007 1
7.3607 2.8925 0
8.1869 4.4707 0
7.5831 4.8618 1
8.4383 3.0540 1
7.9027 4.1642 0
8.9152 2.8587 1
8.7746 2.1074 1
8.0154 4.4159 1
7.9843 4.1123 1
7.4655 2.8402 0
8.5730 4.8881 0
7.4316 3.4600 0
7.1536 5.8467 1
7.7036 4.9109 1
8.0536 4.5525 0
8.1749 5.1115 0
7.9702 3.9083 1
8.0815 4.0015 1
8.9587 5.9858 0
7.8949 4.4149 0
7.5987 2.8402 0
7.5456 4.4068 1
7.3724 5.2771 1
6.5675 1.6822 0
8.2038 4.7387 0
7.5719 4.2676 1
7.9131 3.7661 1
8.5435 3.1643 1
8.1704 3.6331 1
7.2501 2.4120 0
6.9396 5.8651 1
7.5290 5.0085 1
8.0132 4.0441 0
7.9541 3.8651 0
7.4706 3.1760 0
8.1109 4.1723 0
7.7304 3.3854 0
7.2496 5.3589 1
8.3434 3.3936 1
8.7930 5.5006 0
9.1619 6.3252 0
8.5188 4.8679 0
7.8355 3.7692 1
8.3898 4.8349 0
8.3400 3.0897 1
7.8156 3.9303 1
7.9707 3.7566 1
7.7892 4.2305 1
7.6841 4.9273 1
7.5694 5.2993 1
8.2083 4.5942 0
7.0292 2.9532 0
8.1837 3.9163 0
7.3768 3.2113 0
7.3838 5.1556 1
8.6896 4.9683 0
7.1991 4.5927 1
8.4326 3.2518 1
8.1983 3.7803 0
8.2875 3.6791 1
7.5746 3.2909 0
7.8355 3.7894 0
7.6862 3.3991 0
7.8134 3.8227 0
7.4710 3.5220 0
7.3203 4.9172 1
8.0319 3.2963 0
7.9116 4.4795 0
7.4102 4.8312 1
8.4336 4.6060 0
8.4766 4.9091 0
8.5199 3.6119 0
8.0656 3.2902 1
8.4014 4.5694 0
7.9341 3.9707 1
8.3406 2.8503 1
7.1775 5.3088 1
7.5181 3.2983 0
8.1630 4.1618 1
7.7793 3.5698 0
7.2352 3.2142 0
8.3348 4.5557 0
8.1308 4.2775 1
8.1689 3.7339 1
8.2762 3.7128 1
8.6014 5.9733 0
8.8244 4.9126 0
8.9124 2.4261 1
8.1950 4.0647 0
7.5416 4.5571 1
8.2205 4.1538 0
8.4692 4.2801 0
7.2393 2.6164 0
7.5045 2.6391 0
8.5151 4.2749 0
7.8618 3.7931 0
7.8689 3.7861 1
9.2040 2.0054 1
8.3763 3.0204 1
7.8050 4.7241 1
7.6067 5.0016 1
7.8970 3.6464 1
7.5224 3.4042 0
8.3720 3.2416 1
8.0880 4.2331 0
8.4599 4.8239 0
8.0601 3.4861 0
8.7196 5.5339 0
6.6192 6.6335 1
7.3256 2.9291 0
8.5170 4.4945 0
8.2533 2.8825 1
8.6847 2.8380 1
7.9631 4.0016 0
8.4412 2.8163 1
8.9090 1.7853 1
7.8095 3.1611 0
7.8514 3.6337 0
8.0599 4.0326 1
8.1141 4.3761 0
9.5588 1.1660 1
8.3285 3.0115 1
7.5818 3.2939 0
8.4666 4.8486 0
7.9436 3.7733 0
8.0377 4.9455 0
7.8981 4.3896 1
8.4587 4.4714 0
7.4094 2.6347 0
8.3716 4.0887 1
7.6117 3.5519 0
7.9463 5.0340 1
7.8923 3.7712 1
7.1933 2.8209 0
7.5690 4.6850 1
8.1676 3.8850 1
7.8472 4.0096 0
7.7724 3.3427 0
7.7657 3.8377 1
7.5787 3.7744 1
8.0783 3.6637 1
8.3373 4.8754 0
7.3498 5.1279 1
7.6591 3.2926 0
7.5518 2.8890 0
7.3341 4.8052 1
8.4982 3.2024 1
7.6101 5.3012 1
9.0667 1.8387 1
8.3660 4.1970 0
8.3264 4.2053 0
7.3372 2.9268 0
8.7952 2.7456 1
8.8176 2.6521 1
6.9135 5.6082 1
7.5134 4.0991 1
8.3090 4.7397 0
7.3727 4.4845 1
8.1052 3.8652 1
7.5670 5.3091 1
7.2244 5.1211 1
8.3813 4.6528 0
7.3914 3.1183 0
8.2499 4.4514 0
8.2123 4.8993 0
7.8712 3.6130 0
8.7282 4.7180 0
8.9190 2.4151 1
7.8966 4.3569 0
6.8812 5.9292 1
8.6668 2.2881 1
8.2194 4.2039 1
7.8674 4.1086 1
8.0924 2.8070 1
8.1732 4.1635 1
7.6640 3.6751 1
8.1981 4.0531 0
7.3451 3.7534 0
7.6393 4.6106 1
8.1057 3.5753 1
7.4354 5.1715 1
8.0496 4.2460 0
7.7378 3.7705 0
9.0256 2.2200 1
9.3809 1.8403 1
7.7878 3.4475 0
7.4221 3.6171 0
8.9161 4.9234 0
7.3586 3.0292 0
9.4552 1.3386 1
7.2353 2.2290 0
7.1969 5.0349 1
7.6672 4.6821 1
7.6634 4.6926 1
8.3157 4.9884 0
7.7318 3.7855 1
8.0146 4.0394 0
8.5026 2.9690 1
8.2571 4.1543 1
7.7486 4.4510 1
7.6119 5.4000 1
8.1930 4.0391 1
7.6732 3.4533 0
7.4110 5.3632 1
8.7365 3.1569 1
7.8158 3.6675 0
8.3834 5.0264 0
8.3438 4.8061 0
7.5479 3.1811 0
7.3078 5.0738 1
8.1107 3.6831 1
8.3163 3.3689 1
7.2755 5.1476 1
8.1636 4.0421 1
7.9896 3.6705 1
8.3727 5.2232 0
8.1445 4.0333 0
8.1237 3.8587 1
7.9506 4.0753 0
7.0011 5.3468 1
8.1692 3.7679 1
9.6037 5.9912 0
8.3589 4.1583 0
8.6422 2.5797 1
7.3178 2.9361 0
7.4511 2.2215 0
6.4848 1.0443 0
7.7433 4.4020 1
8.2938 4.5887 0
7.3794 3.7244 0
8.1378 3.3470 1
7.4518 3.2336 0
8.3167 3.0333 1
8.9580 2.1728 1
7.9829 4.8309 1
7.8269 4.6746 1
7.7134 2.7990 0
9.0310 5.4039 0
7.6527 3.3309 0
8.2412 4.4504 0
7.8401 3.5780 1
8.3216 3.4273 1
8.3911 3.2576 1
7.6975 4.3019 1
8.7741 5.2588 0
7.2597 5.2112 1
9.3338 5.8681 0
7.3445 2.5457 0
8.0336 3.2789 1
7.1868 5.5004 1
7.6988 4.6476 1
7.5851 5.1853 1
8.3115 5.2125 0
8.5326 4.1247 0
8.1886 4.3502 0
7.0148 2.8876 0
8.6206 2.3787 1
7.5564 4.6716 1
8.4998 5.3466 0
7.6543 3.4069 0
7.4811 4.5857 1
9.3751 2.3564 1
8.2784 3.5872 1
8.2793 4.3286 0
7.4928 3.3281 0
7.9886 4.0998 0
7.6975 4.1462 1
8.0223 4.0090 0
8.2759 4.3628 1
8.5251 4.8500 0
8.2460 4.1537 0
7.4655 4.6890 1
7.7314 4.3610 1
7.8415 3.7595 1
8.4341 3.9659 0
8.8774 5.5847 0
8.1351 3.6627 1
8.2039 3.3773 1
6.8604 5.6734 1
8.2403 3.5761 1
7.7633 3.4434 0
9.1939 5.4465 0
7.8942 4.0422 0
8.5336 4.9742 0
7.5658 4.8346 1
8.2955 4.4426 0
8.2188 3.0962 1
8.2325 4.2007 1
8.4944 3.1147 1
7.3822 2.5134 0
6.8636 1.8384 0
8.0758 4.0778 0
6.9436 2.5392 0
7.8432 4.2584 0
7.5735 3.0173 0
7.9236 3.9766 0
7.1835 5.3604 1
8.6036 4.7477 0
7.9150 3.5837 1
7.1187 5.9696 1
7.8402 3.7115 1
7.2783 2.9628 0
8.6576 5.6185 0
7.6269 3.3260 0
9.0565 5.6339 0
8.1262 3.9064 1
8.2247 4.0971 0
8.4218 4.6695 0
9.0762 2.1601 1
7.4329 4.2499 1
8.2337 3.9467 0
8.2115 3.7016 1
8.4687 4.5882 0
8.5922 2.6543 1
6.7741 6.2856 1
8.0108 4.2455 0
6.3792 1.9896 0
8.2463 3.5428 1
7.9800 4.3635 1
8.1211 3.9672 0
7.7456 4.1237 1
7.2091 4.4981 1
8.3234 3.4044 1
7.6451 4.6349 1
8.1531 3.7882 1
7.3100 4.5831 1
7.5422 4.7521 1
8.1710 3.7384 1
8.0615 4.7238 0
8.8106 4.7165 0
7.6512 4.7960 1
7.9994 4.7378 1
8.5965 2.8955 1
8.4337 5.0236 0
8.7976 5.9765 0
7.8757 3.6590 0
7.9492 3.9108 0
8.0364 4.5081 0
7.1201 4.8066 1
8.2982 3.2787 1
8.2052 4.0755 0
7.0783 4.8777 1
8.2701 4.1165 0
8.6655 4.4425 0
7.9844 4.3795 0
7.6234 4.8727 1
7.8103 3.7628 0
8.1233 4.3943 0
9.2938 1.3377 1
8.1189 4.1628 1
8.3458 4.4480 0
8.4045 4.8727 0
8.1724 5.1930 0
8.5733 2.6401 1
7.3575 2.7374 0
8.6713 2.7616 1
7.5990 3.2013 0
7.8445 3.7764 1
8.2150 3.3561 1
7.3338 2.9903 0
7.9047 3.8373 1
9.0387 5.2010 0
7.7662 3.4950 0
7.8160 3.4566 0
7.7094 4.2192 1
7.2953 2.8055 0
7.7499 4.2931 1
8.5282 3.4067 1
7.6293 3.6058 0
9.2355 1.7634 1
7.8730 4.2852 0
8.1854 3.6538 1
7.8025 4.4150 0
7.9817 3.2702 0
8.8396 5.3437 0
8.1697 3.3044 1
8.0230 3.6338 0
7.8006 2.9158 0
7.6732 3.6452 0
8.4839 4.7479 0
8.4544 3.8813 1
8.0219 4.3724 0
7.5816 3.6002 0
7.8490 3.0956 0
7.3977 2.6393 0
8.2303 3.9734 0
8.4931 4.4363 0
7.4650 5.0889 1
7.9435 4.4635 1
8.5004 3.0778 1
7.8420 3.2817 0
7.8328 3.2108 0
8.6757 5.3576 0
7.8513 3.5410 1
8.6497 3.1793 1
8.9201 2.2584 1
8.0218 4.3959 0
7.7206 4.5155 1
7.0960 6.1529 1
7.4994 4.5717 1
9.0130 2.5880 1
9.1477 1.6376 1
8.2511 4.0172 0
8.1556 3.8303 0
8.3346 4.1480 1
7.6974 4.2122 1
7.5516 2.7905 0
