3.1012 5.6671 1
15.1930 9.4271 2
15.3180 11.8156 2
2.0853 13.1481 1
7.1573 19.4592 1
8.4274 10.0995 0
3.6291 12.6162 1
8.0086 10.3295 0
9.2471 12.7114 0
3.5064 4.9209 1
7.4920 11.3518 0
7.3690 10.5977 0
2.2969 3.8336 1
9.9837 12.4904 0
4.7704 5.0102 1
13.6929 13.2590 2
9.1594 11.5609 0
10.7427 18.5809 1
2.7560 9.0255 1
9.5050 10.5595 0
14.0599 12.0410 2
10.0622 10.4201 0
12.7132 17.2769 1
1.4040 12.4007 1
1.5140 17.9233 1
9.3345 10.6379 0
2.0645 11.9974 1
11.1762 11.0593 0
3.0533 10.8024 1
8.8243 12.3076 0
14.3793 15.6797 2
1.3614 7.4280 1
15.0644 16.5190 2
7.6818 11.6328 0
2.5639 7.2281 1
16.3373 18.1984 2
13.9224 11.2970 2
10.4900 11.2475 0
9.0342 13.1638 0
15.4983 17.4426 2
3.5278 6.1888 1
10.9908 18.1957 1
8.4581 11.8685 0
9.6477 17.6508 1
8.2447 9.5134 0
7.2455 11.0594 0
16.0358 11.6618 2
10.2551 3.5820 1
1.9082 6.3278 1
7.4870 2.6197 1
3.4588 5.1425 1
15.1907 15.0204 2
3.7949 5.0114 1
7.9678 10.2735 0
15.2511 14.6265 2
7.9788 5.4305 1
2.8195 8.6761 1
15.2214 11.4518 2
7.5728 12.4497 0
10.4252 10.9993 0
2.1506 7.2987 1
15.0504 15.0297 2
1.2731 17.1573 1
1.4690 7.5913 1
7.1122 5.7484 1
3.4326 5.3051 1
10.4286 10.3045 0
7.5172 17.8536 1
9.1525 12.0459 0
8.5850 11.3187 0
3.4079 6.1872 1
11.4340 11.0225 0
8.7155 12.4302 0
9.6151 11.6135 0
1.4342 7.7426 1
8.5038 10.4991 0
8.6400 3.1540 1
0.9785 15.6705 1
6.2425 10.8493 0
7.8579 18.5698 1
8.3908 12.2526 0
9.4958 12.4250 0
14.6072 9.3050 2
10.2790 10.0513 0
1.7506 12.2830 1
2.8859 9.1948 1
17.1335 8.2083 2
9.1416 11.6741 0
2.5010 6.5102 1
9.4639 11.7370 0
8.9058 10.3061 0
14.4753 11.9055 2
5.0850 4.4591 1
8.0180 9.8794 0
8.7203 11.1355 0
9.9241 9.8586 0
16.0509 9.7315 2
9.0699 11.9361 0
8.7923 11.0577 0
14.7444 8.2718 2
8.0387 10.5842 0
8.4028 10.4645 0
9.0580 12.1505 0
9.8380 11.0014 0
14.6039 7.0860 2
8.2379 18.1695 1
7.4507 11.8242 0
1.7703 12.5256 1
7.9021 10.8857 0
9.6877 11.2536 0
12.5230 7.2372 2
8.1852 13.0128 0
15.3782 15.4746 2
3.3171 5.4682 1
16.8896 11.2464 2
2.0634 10.8841 1
10.1362 10.6914 0
9.7930 10.4062 0
8.7230 11.1552 0
1.8000 6.6438 1
7.6137 10.5667 0
8.2239 5.4497 1
4.0514 16.5218 1
14.6314 15.7402 1
2.2078 6.1861 1
3.7081 5.8177 1
1.9694 10.5195 1
6.5844 5.2480 1
7.7044 11.5895 0
8.2450 18.0865 1
12.9495 16.5258 2
8.5519 11.0465 0
9.6672 11.7456 0
8.7144 12.3525 0
8.0362 12.6348 0
14.8827 10.0831 2
15.3052 15.4135 2
3.3432 5.8351 1
3.2897 5.7528 1
15.4562 11.9573 2
10.4078 11.5104 0
9.2023 10.7256 0
11.8099 3.1455 1
3.6393 19.7696 1
1.7736 11.1523 1
14.9466 16.2363 2
10.6472 19.9693 1
4.4165 4.7318 1
9.9577 10.6680 0
9.4291 11.5108 0
0.2122 8.2565 1
10.3051 4.3717 1
14.3143 10.5252 2
15.1535 8.4880 2
7.8572 3.2396 1
8.9158 11.6457 0
2.1265 8.2104 1
9.5965 10.7757 0
8.3850 10.5328 0
7.9134 11.9961 0
10.2264 12.8962 0
9.9035 12.0939 0
14.6971 11.1505 2
11.1208 16.5699 1
9.3344 10.5659 0
15.3789 13.4058 2
1.6952 8.6601 1
15.6712 12.9739 2
9.1377 11.4476 0
-0.2111 11.0433 1
8.3637 17.2676 1
7.4715 12.0501 0
9.7014 4.9370 1
2.8317 6.2740 1
9.5852 9.5312 0
9.3497 11.4497 0
1.8737 10.2683 1
8.3025 12.6811 0
9.1093 9.3620 0
2.8855 5.9478 1
10.2336 11.3685 0
8.9683 12.4773 0
16.5706 15.3772 2
15.4164 4.9546 2
8.9258 11.2822 0
15.6896 10.8986 2
8.7853 11.3496 0
8.5661 11.9021 0
9.2399 11.6070 0
14.8445 10.3072 2
0.8079 5.1421 1
7.3413 11.5145 0
1.0801 11.6122 1
9.6277 11.5701 0
7.4564 4.3561 1
8.6377 11.3652 0
14.6050 12.6821 2
9.6409 9.3301 0
8.9507 10.8292 0
3.3458 5.3173 1
16.0454 14.2079 2
10.9094 2.4265 1
9.5429 9.2265 0
9.6108 11.1642 0
7.8963 18.9396 1
8.8849 9.9204 0
8.8815 8.7504 0
1.4695 13.8408 1
2.5066 11.2279 1
8.1376 10.8899 0
14.6902 12.1295 2
9.4307 10.9856 0
9.7395 11.7385 0
14.6329 9.5720 2
11.6223 16.1565 1
9.5944 10.5290 0
10.4186 10.5473 0
10.1453 17.6154 1
6.6284 4.0874 1
3.5242 7.7262 1
6.7247 11.3163 0
6.1962 10.7812 0
6.7671 8.4752 0
8.9608 11.3949 0
8.4294 11.7411 0
9.9355 12.5837 0
8.5974 17.8266 1
8.4231 17.7890 1
2.9215 12.4237 1
8.7043 11.3855 0
10.3193 11.5379 0
8.1598 10.8624 0
7.0467 2.2737 1
9.7412 9.9032 0
3.0448 6.0818 1
1.4631 11.9060 1
7.5265 4.1560 1
3.1957 11.0031 1
13.9565 15.5590 2
3.1863 5.0193 1
15.3176 18.3549 2
9.5735 9.5943 0
6.1507 4.1041 1
2.6478 5.7601 1
9.0701 9.9136 0
8.3428 10.4741 0
7.9513 10.1741 0
9.8425 11.3549 0
8.6824 8.9174 0
7.6343 16.9562 1
16.0551 11.1018 2
1.6590 10.5220 1
11.6395 19.1707 1
10.5631 10.6579 0
2.1801 6.3347 1
2.1602 7.2600 1
11.1753 11.0487 0
13.9122 14.1213 2
16.3618 13.6952 2
9.7300 11.2252 0
7.1235 3.9444 1
1.5974 7.4233 1
9.4643 13.3444 0
8.6703 9.7778 0
14.3572 16.8946 2
14.8410 13.9210 2
8.4475 4.4097 1
8.7147 18.5733 1
9.7003 11.5746 0
7.6984 10.9566 0
1.6937 12.2769 1
2.8858 17.0571 1
3.0624 6.3747 1
7.9206 12.3932 0
14.1403 12.8838 2
10.5036 11.4905 0
14.7893 10.8223 2
2.8911 15.5183 1
9.5498 10.0623 0
3.3200 6.4216 1
7.1036 11.5268 0
1.8785 6.7191 1
12.8486 8.3030 2
3.0312 7.0939 1
9.0553 11.7026 0
10.1212 11.5712 0
7.6193 9.5002 0
6.8736 17.5669 1
1.4292 14.1549 1
13.9714 6.8999 2
2.3813 10.6871 1
16.1318 5.7273 2
10.5315 18.9273 1
9.1884 11.1225 0
8.6720 10.9093 0
2.5015 6.3469 1
1.6003 7.3832 1
10.3823 10.8089 0
9.5653 10.1926 0
8.0987 12.8397 0
9.3635 17.7116 1
1.8014 12.6024 1
14.6841 14.8244 2
8.2104 9.6295 0
11.8710 15.3701 2
8.7972 10.7082 0
7.3426 10.9413 0
0.9721 7.9704 1
8.5499 11.5662 0
6.3890 3.3706 1
9.6477 11.3134 0
8.9761 10.3845 0
11.4164 4.1421 1
1.6329 12.4139 1
14.5164 9.0792 2
14.4832 13.5687 2
9.7770 11.0193 0
3.8705 6.2144 1
9.2149 10.5951 0
10.2806 9.3708 0
8.1886 12.0413 0
9.6325 10.0380 0
9.2643 9.9580 0
8.9230 18.6739 1
8.2287 12.1693 0
11.6637 3.7197 1
10.8992 4.3157 1
1.9788 7.1545 1
13.6380 3.9140 1
6.6777 11.4529 0
13.3389 11.1283 2
8.6542 9.7130 0
8.9409 9.3082 0
7.8002 11.3550 0
14.0481 14.3213 2
14.9751 8.7225 2
10.1871 10.4665 0
6.5850 18.2353 1
13.6205 10.9981 2
16.0194 18.0769 2
14.8147 14.4099 2
9.0139 11.1678 0
7.3731 10.0002 0
9.5485 12.8254 0
14.6140 10.1451 2
14.3381 14.4983 2
8.5836 12.0162 0
3.3248 16.9423 1
3.5022 5.7814 1
1.8241 5.8636 1
7.9215 11.8511 0
14.6788 13.8120 2
9.3568 10.3891 0
2.5240 13.2917 1
8.8717 10.7910 0
15.0888 9.7285 2
14.8480 13.3800 2
13.3236 9.3077 2
10.0479 3.8915 1
8.5405 10.9338 0
8.6735 19.1240 1
7.7305 11.8965 0
7.7901 12.3725 0
15.6400 10.7601 2
7.9139 12.4241 0
1.7690 7.2825 1
10.1792 10.3640 0
3.0442 12.7090 1
8.8606 11.7399 0
16.9515 13.3491 2
2.8177 5.4908 1
7.1623 11.0299 0
10.4061 11.1798 0
1.6794 14.4522 1
9.7446 9.2792 0
2.7112 6.0824 1
13.6287 19.1011 1
2.4921 9.7491 1
-0.2616 18.4201 1
10.7394 11.3433 0
4.0047 4.7243 1
8.8899 10.5543 0
10.2612 10.6660 0
13.2883 11.1603 2
8.2478 10.8984 0
8.3230 11.2434 0
17.2123 13.0874 2
9.6075 12.0924 0
1.5454 12.4235 1
15.0773 14.8899 2
8.8883 11.4439 0
10.2957 10.3229 0
14.8633 14.0139 2
9.3736 10.3597 0
10.3892 10.8051 0
9.3207 12.2003 0
8.6260 11.7509 0
15.1908 10.8789 2
1.3071 12.7773 1
9.3768 10.9299 0
1.0082 17.2871 1
8.8008 9.1088 0
2.6521 13.5723 1
13.5385 14.9480 2
8.8509 10.0709 0
17.0206 13.9603 2
7.8936 9.0615 0
9.5986 11.8158 0
8.4140 11.0563 0
4.3730 3.4899 1
13.4932 6.3644 2
10.1072 11.9005 0
9.1910 10.6513 0
12.2252 18.0217 1
1.8618 11.7597 1
2.8155 6.8024 1
8.5501 12.1507 0
8.2022 12.1397 0
9.1764 17.2526 1
8.9706 11.2858 0
9.1732 13.0701 0
6.9732 17.1886 1
16.1007 15.7187 2
7.8229 12.2241 0
11.3101 10.8401 0
16.8065 11.7408 2
9.4731 13.1244 0
8.4318 10.2169 0
15.4895 15.7369 2
8.0309 12.3250 0
1.9012 9.5109 1
16.6818 13.2719 2
7.7259 3.7869 1
4.3398 13.6118 1
8.5581 9.5288 0
2.9848 6.1369 1
14.1890 10.3626 2
9.6598 11.9247 0
3.9553 3.4280 1
14.1868 14.1257 2
8.9497 10.4574 0
7.9309 19.5072 1
15.2594 13.2579 2
15.3088 8.1699 2
8.7475 10.6573 0
14.1405 5.1814 2
7.2373 10.9226 0
2.5811 13.3721 1
6.5327 18.8966 1
12.3118 4.6729 1
10.2842 12.8080 0
7.8803 12.1764 0
8.8016 11.5214 0
8.0942 10.6428 0
8.6968 11.7661 0
6.7674 17.4081 1
7.4114 10.0343 0
4.4679 6.4209 1
15.3216 14.2319 2
2.9910 12.5046 1
0.6654 7.1802 1
13.5777 11.3937 2
2.4292 11.8794 1
9.3311 12.8504 0
1.5966 6.9335 1
7.9953 11.1419 0
9.8993 10.3007 0
7.9222 11.2690 0
14.9234 18.4665 1
13.4906 2.6838 2
4.5703 17.5658 1
17.1870 6.4046 2
1.6867 6.8575 1
15.6199 14.9520 2
9.5083 9.9197 0
2.5488 19.7782 1
7.1103 12.0307 0
2.9017 14.9814 1
16.1499 9.6275 2
7.9903 11.1103 0
9.0499 11.2862 0
14.8034 11.7301 2
9.4948 11.8130 0
6.0602 16.8138 1
4.0611 4.7763 1
10.2561 19.5626 1
16.1797 8.9597 2
15.6900 9.4511 2
16.0500 17.7666 2
16.1674 12.8519 2
7.7619 18.7514 1
16.4991 7.9213 2
-0.8852 18.3443 1
8.8774 10.8043 0
13.2867 13.4089 2
9.5007 10.7311 0
2.5490 6.4045 1
14.4427 8.3778 2
8.0022 10.6672 0
7.9717 11.7615 0
3.7475 5.1529 1
9.3057 11.8619 0
8.6600 9.2108 0
8.9548 12.1926 0
14.6337 13.7221 2
7.8324 10.0706 0
8.8301 11.6943 0
8.7420 10.4433 0
8.0710 16.4606 1
3.1067 3.5205 1
12.6271 9.6272 2
9.7519 10.7287 0
16.1388 11.7213 2
7.3661 9.0372 0
0.4452 12.3978 1
5.4357 18.3506 1
14.9891 13.1912 2
10.4425 4.2922 1
8.1112 11.2756 0
13.2786 11.8207 2
10.1249 10.3923 0
1.2778 12.4051 1
6.2217 2.9127 1
14.2177 10.0081 2
9.6095 10.9163 0
8.4164 9.4779 0
2.9810 5.2041 1
15.8203 12.2160 2
2.0831 8.3447 1
3.5934 17.7456 1
14.4438 18.2061 1
5.3590 18.6972 1
9.9623 9.5678 0
4.3462 17.2483 1
10.7138 10.2992 0
9.7352 11.2505 0
10.2679 9.0737 0
2.0894 10.2328 1
15.7870 10.1006 2
6.0339 18.8212 1
5.7162 17.4252 1
8.8266 10.8555 0
10.0550 9.5596 0
5.4797 16.4459 1
10.1380 11.2792 0
14.1834 10.7305 2
1.7052 6.5376 1
7.8319 16.9334 1
7.8649 11.8124 0
8.1610 10.0457 0
3.9377 6.0499 1
9.8780 10.4038 0
5.7508 18.3476 1
6.1089 17.0273 1
1.2595 12.9404 1
9.5193 11.4350 0
14.1446 7.4064 2
15.8799 15.8904 2
15.0748 11.8504 2
10.3216 10.4645 0
7.0896 11.6807 0
8.6282 11.5362 0
13.6634 2.8052 1
15.0215 14.9670 2
14.3366 13.2749 2
10.3724 10.3718 0
10.9145 19.5230 1
1.4247 7.3170 1
15.6521 13.4142 2
8.2525 11.0204 0
8.5931 11.7581 0
0.4915 9.5341 1
0.5364 11.9887 1
4.4406 5.3906 1
1.7473 11.3874 1
9.6308 10.8093 0
6.2181 19.6583 1
3.4032 6.7955 1
8.3766 9.0624 0
9.8629 10.4836 0
2.9140 11.9013 1
8.0128 11.4419 0
13.2702 8.0518 2
3.2595 5.2307 1
8.8341 10.9268 0
1.8460 9.5035 1
3.0600 15.9568 1
1.0127 11.4746 1
8.7774 10.2610 0
8.3444 18.9401 1
15.2126 9.3082 2
15.1637 9.7481 2
16.5918 14.4254 2
2.9271 6.6082 1
15.5657 11.7722 2
10.4704 10.8027 0
9.8688 11.4467 0
9.2908 10.3666 0
9.7627 13.0552 0
9.2799 10.0488 0
3.1336 18.0297 1
8.7656 17.3632 1
1.9777 17.7317 1
7.8083 12.0899 0
2.0196 13.6428 1
3.8937 5.5054 1
15.7343 11.6321 2
8.2065 17.2276 1
13.9938 21.1587 2
7.5547 12.0973 0
1.6897 12.1375 1
14.3091 11.1925 2
9.0283 10.9709 0
2.7889 6.1588 1
1.6230 11.3438 1
6.7000 2.6457 1
15.9370 16.2285 2
14.1275 7.4274 2
9.1566 20.3959 1
10.1165 5.5558 1
9.3390 4.1761 1
0.4552 14.5068 1
0.8478 13.2637 1
2.0993 11.5596 1
3.9386 17.4412 1
1.5586 10.6402 1
9.4518 11.9666 0
4.4780 5.2969 1
8.0839 10.1709 0
6.1036 18.9295 1
6.1651 17.8279 1
3.4722 5.4670 1
12.0720 6.7789 1
1.6135 13.6549 1
9.1098 12.6520 0
2.4501 16.3294 1
10.1885 12.2806 0
9.8416 11.7921 0
2.1901 17.4072 1
8.2287 10.6963 0
9.8036 10.8797 0
2.6273 14.9108 1
9.0927 7.7850 0
8.7610 19.2671 1
2.4243 4.1227 1
9.9386 9.3743 0
14.9360 10.3846 2
9.9470 11.6658 0
3.0923 6.1843 1
9.4825 11.3358 0
7.6224 11.1848 0
9.1954 11.9471 0
12.0070 4.1662 1
4.2178 4.8852 1
4.7884 18.1332 1
9.5435 11.9452 0
8.5512 11.2589 0
9.0541 11.8383 0
14.6920 9.8185 2
0.7209 14.3966 1
2.3930 5.8909 1
9.5371 10.7635 0
9.3875 9.7141 0
7.9344 5.8333 1
9.0578 11.1011 0
9.5450 17.5979 1
8.5306 9.5163 0
2.4160 6.6969 1
5.4018 17.8264 1
16.7311 12.2222 2
7.8095 3.6548 1
2.5860 5.7390 1
8.0713 10.4045 0
7.0280 10.2888 0
15.1267 9.2668 2
8.5310 11.5377 0
10.5672 11.5066 0
8.2100 10.5792 0
15.2820 5.0261 2
3.0355 6.0455 1
10.2187 15.9368 1
2.3305 5.9455 1
14.4350 13.2733 2
5.5162 19.6310 1
8.3713 10.9450 0
9.5469 19.1938 1
14.2861 11.6845 2
6.7603 3.2115 1
15.9737 10.8293 2
10.8238 11.2125 0
1.9079 13.8682 1
9.0782 3.3188 1
9.1543 10.7637 0
2.4139 6.6735 1
9.3404 10.0304 0
16.5845 5.0390 2
6.1722 10.2664 0
7.3169 3.9736 1
12.4321 19.2359 1
8.7026 10.9433 0
3.2642 5.6743 1
9.0466 12.1988 0
5.3921 4.5943 1
9.7157 2.1218 1
2.2570 9.9341 1
14.0944 14.0986 2
9.6148 11.9977 0
3.5173 5.6564 1
8.0730 12.1664 0
1.3484 7.5170 1
10.1164 11.8088 0
15.6314 14.2630 2
6.1028 4.2138 1
3.5050 5.8158 1
5.5164 18.0638 1
9.8411 12.1485 0
8.8897 18.5039 1
3.5064 6.2038 1
5.6547 18.9897 1
16.5267 12.3442 2
3.5598 5.4520 1
4.0813 4.9960 1
6.3115 18.2821 1
9.7318 10.7459 0
10.3618 9.8813 0
13.9093 12.5212 2
7.9165 13.3828 0
8.8309 10.2245 0
2.2247 6.3606 1
14.2899 12.2181 2
3.5786 4.4567 1
7.8235 17.4005 1
9.4498 10.7411 0
1.4807 6.3556 1
9.2954 11.7535 0
8.4239 11.1799 0
9.9107 4.7931 1
9.0190 5.0328 1
8.9783 10.1172 0
15.2591 7.5746 2
1.1743 16.9029 1
7.9716 18.2454 1
3.1419 3.0045 1
15.2070 12.5842 2
7.1513 11.4575 0
10.1209 9.1618 0
14.1280 17.6453 2
1.8965 12.9569 1
5.2788 4.2959 1
10.9278 17.4331 1
13.7489 10.5932 2
8.9049 11.0683 0
9.0607 12.1009 0
6.9326 17.5574 1
1.3831 12.7701 1
9.2317 7.8713 0
15.9381 8.9898 2
14.9179 17.8485 1
6.0383 4.1230 1
9.2168 11.4199 0
2.5780 6.3819 1
10.8214 4.4212 1
8.2078 10.0790 0
6.5835 18.2501 1
8.0723 10.7584 0
13.4374 12.8345 2
8.2676 11.2939 0
14.8374 6.9804 2
4.9513 4.0275 1
12.6141 17.7427 1
6.7870 17.2054 1
1.9166 6.8582 1
4.9960 17.1650 1
14.5310 9.9777 2
8.0971 11.1490 0
10.8072 11.5125 0
3.6138 17.1600 1
3.0774 5.5246 1
3.3998 11.1275 1
2.5953 5.3587 1
9.5771 11.4036 0
2.4225 6.2449 1
8.8873 9.7890 0
8.1310 16.0635 1
2.9550 6.0935 1
6.9754 9.3918 0
15.2409 4.7240 2
9.9768 11.3973 0
14.2793 16.3985 2
7.9210 11.7599 0
17.5410 14.9555 2
7.6741 11.4337 0
9.6990 11.3201 0
4.2374 5.3593 1
3.7408 5.4592 1
1.8484 7.8826 1
8.2289 10.0450 0
7.9817 12.0502 0
14.3572 4.3620 2
1.5355 13.3383 1
7.2239 2.5413 1
8.7035 10.0227 0
7.4882 10.9480 0
7.9071 10.0101 0
15.5051 15.7110 2
6.1197 11.3709 0
4.7703 3.8477 1
5.5566 3.8625 1
10.1891 11.5325 0
13.6927 19.0569 2
9.8811 11.0839 0
9.4261 10.3869 0
8.3071 5.3297 1
1.3774 7.8008 1
13.6171 5.4655 2
15.3930 18.6610 2
9.9801 11.2357 0
11.1382 5.2587 1
1.5820 13.6482 1
6.2745 7.1706 1
3.5298 8.2775 1
1.7519 8.6213 1
1.9198 9.8730 1
9.7395 11.7009 0
1.4578 7.2196 1
10.2685 10.5050 0
5.5678 4.1918 1
7.7732 10.3430 0
9.5266 11.7382 0
9.4815 10.9697 0
7.3916 11.2241 0
2.2414 6.9682 1
2.8696 6.7369 1
8.9103 11.8138 0
8.8269 12.2269 0
9.6523 11.8107 0
15.7189 10.3581 2
12.6437 15.9752 1
3.9580 5.4292 1
9.1450 11.2639 0
8.7796 11.1488 0
8.5503 10.4216 0
9.1249 11.5255 0
6.6850 11.2171 0
10.1578 11.2019 0
8.8604 12.2976 0
7.3698 11.4177 0
2.6461 17.7843 1
8.8800 4.6376 1
9.6195 8.9541 0
10.1072 11.1752 0
7.8032 11.5448 0
9.5832 12.7082 0
15.3795 7.1861 2
7.7111 12.6298 0
12.7605 13.7879 2
11.3599 10.9313 0
2.7077 6.2959 1
9.3505 10.8126 0
7.1901 3.1898 1
0.1874 10.4415 1
9.6355 11.1603 0
9.1567 10.8358 0
15.8277 15.6347 2
13.7664 12.7563 2
14.5165 8.6243 2
10.0795 3.0964 1
7.7979 4.3991 1
10.6311 2.4510 1
9.6019 3.2928 1
2.8711 6.9118 1
8.0747 11.2560 0
8.7969 10.0675 0
14.3579 14.4976 2
9.3914 18.0335 1
6.4669 19.6629 1
14.0015 3.3880 1
9.2340 11.2442 0
16.0493 15.6560 2
8.5709 9.3432 0
8.9172 12.8604 0
8.2944 11.6360 0
2.0269 6.0645 1
2.4071 11.5671 1
8.7041 10.7584 0
8.2000 9.9156 0
6.3643 10.5886 0
12.5447 4.4781 1
17.0236 14.4692 2
10.4380 18.2375 1
17.2151 13.2068 2
9.0102 11.5691 0
2.1887 6.9636 1
9.2892 11.1847 0
9.6163 11.4149 0
14.3873 12.4008 2
15.1782 9.8460 2
3.6174 18.1739 1
2.4398 6.9501 1
2.4592 8.1111 1
15.7871 10.9281 2
2.5294 17.6139 1
8.0816 10.8760 0
16.2267 13.9467 2
14.7733 13.4487 2
14.5100 9.6941 2
2.1462 3.7970 1
7.2023 17.4445 1
3.1683 18.3267 1
15.3395 12.8871 2
7.3854 4.4899 1
8.6643 11.2101 0
8.6209 10.4860 0
9.7960 10.9339 0
14.8204 9.0160 2
9.3587 10.6762 0
8.6693 10.5488 0
9.3813 9.5410 0
14.2663 8.0464 2
7.7684 9.5806 0
15.1656 12.0826 2
14.0780 9.7949 2
1.9738 12.0700 1
10.1935 4.4082 1
10.5205 11.4566 0
5.4148 19.1873 1
9.4479 10.0827 0
8.8318 19.4490 1
8.3445 13.5136 0
9.2316 4.8233 1
7.9250 20.0145 1
6.0218 3.9227 1
7.1717 11.4401 0
8.3806 10.1431 0
14.3293 12.6604 2
9.3630 10.3530 0
5.2822 18.1525 1
4.9303 5.4870 1
8.7664 12.0133 0
2.8704 13.9082 1
15.3938 14.2057 2
10.3866 12.7703 0
15.4572 14.8643 2
1.8687 11.7194 1
3.5846 5.7601 1
3.0060 11.4871 1
10.2618 10.9336 0
7.0268 12.8781 0
14.2337 6.1515 2
2.3217 6.2638 1
9.7883 16.4486 1
19.6931 16.6512 1
8.4028 12.4042 0
6.6614 10.6336 0
5.6096 19.6156 1
7.9310 12.1257 0
7.7074 9.9407 0
16.1942 9.8062 2
8.3325 11.8053 0
13.0447 19.0467 1
9.1638 4.6602 1
6.8763 9.9131 0
6.2176 3.5631 1
13.6823 16.4403 2
7.6238 10.0512 0
8.7470 11.2155 0
16.2498 12.9474 2
9.0258 2.0942 1
7.6870 10.4713 0
2.7435 4.3034 1
14.7986 14.7608 2
9.6860 11.0986 0
9.6715 10.9954 0
1.9057 11.1962 1
8.2142 12.8063 0
3.2187 13.2348 1
7.4781 10.4623 0
10.9146 3.0057 1
10.7176 9.8904 0
10.4107 10.5183 0
9.0960 5.3408 1
12.2881 17.8218 1
15.7271 11.2801 2
10.3228 10.5274 0
9.2948 11.1887 0
3.5717 16.3798 1
3.3815 5.2352 1
8.2501 4.1165 1
1.3656 5.6853 1
9.3032 9.3904 0
8.8765 10.2412 0
10.9845 10.4910 0
8.3718 10.5659 0
14.5547 4.9660 1
1.4966 13.4644 1
8.4448 11.4500 0
1.9995 5.8094 1
10.8505 10.3579 0
10.5200 10.8574 0
16.1606 9.3906 2
2.6772 11.1157 1
9.6069 11.1747 0
7.5498 11.4202 0
8.8643 12.4444 0
12.6527 12.8625 2
0.5030 12.2524 1
2.4975 12.9377 1
1.2745 6.4301 1
10.9591 11.4267 0
10.6319 12.5336 0
14.8612 10.7107 2
3.9690 19.6441 1
15.2364 11.4318 2
4.4569 1.8230 1
2.9370 5.9010 1
16.3006 11.6033 2
0.2726 9.0414 1
2.5607 12.9623 1
2.8321 7.7326 1
5.9909 17.5522 1
14.9938 18.2037 1
6.6339 3.7201 1
16.0317 10.1462 2
12.7980 13.5952 2
8.7697 11.1906 0
10.0668 9.4918 0
2.6980 9.8160 1
10.2124 12.1070 0
2.3776 6.5802 1
9.1302 8.9048 0
9.7767 9.5753 0
3.6474 4.4365 1
6.6690 4.7956 1
9.2147 12.7533 0
9.9946 11.2961 0
6.6530 17.6035 1
7.6458 16.7845 1
14.3650 12.0065 2
7.7814 10.4297 0
14.0574 13.1765 2
9.5841 9.3893 0
14.6218 16.2709 2
8.6902 18.5379 1
10.1372 4.0995 1
8.3567 18.3328 1
14.7311 12.6921 2
12.4960 18.2011 1
8.1696 11.5277 0
13.6080 11.3685 2
15.3855 10.8249 2
5.7424 2.5848 1
14.5563 9.6267 2
4.9135 5.6155 1
10.0814 10.0977 0
13.8810 7.3439 2
7.4667 9.6638 0
10.1401 10.1925 0
3.6777 19.2046 1
7.3252 10.5787 0
8.4612 10.3176 0
15.4155 13.8309 2
8.9280 9.6361 0
2.0090 7.2061 1
3.2023 16.7748 1
15.3664 13.4140 2
14.7294 13.3200 2
8.9169 10.5510 0
6.2469 4.5147 1
2.3703 6.0384 1
12.3436 3.4427 1
8.3074 10.6554 0
10.6954 4.1418 1
10.1235 11.5201 0
2.9042 5.8493 1
8.0511 5.5025 1
5.7125 17.9646 1
11.3919 1.9304 1
15.3816 9.2478 2
1.1026 5.5854 1
3.7263 4.6631 1
8.9001 6.0300 1
13.9363 12.5664 2
2.3811 5.6165 1
9.1251 10.8302 0
1.7269 9.4810 1
9.1804 11.2181 0
9.6854 18.6429 1
8.1124 10.6325 0
8.5287 10.7101 0
8.7494 10.6657 0
15.6725 13.5629 2
10.0664 9.8948 0
8.9209 11.4190 0
14.9618 7.8937 2
2.9186 4.8483 1
8.8484 8.9879 0
9.9760 9.5038 0
15.9342 10.5293 2
6.8607 10.8745 0
7.8871 11.2612 0
7.5962 2.7656 1
3.2499 5.5952 1
1.6773 13.4743 1
9.2571 9.1302 0
9.2204 11.1357 0
14.6463 15.7982 2
15.9059 10.8918 2
2.2860 7.3984 1
15.1424 16.8142 2
14.5529 12.0166 2
10.5353 11.9548 0
7.5951 10.0909 0
8.1826 10.7977 0
7.9350 16.8392 1
10.7443 12.2146 0
14.8306 17.7371 2
8.1984 12.2185 0
8.9262 9.9129 0
7.0936 20.6895 1
2.3059 15.5747 1
8.6502 11.0232 0
11.0699 10.9608 0
10.9098 10.6023 0
1.3987 11.7050 1
2.3233 11.3897 1
2.5244 6.9317 1
14.2894 11.6803 2
14.8618 11.1967 2
10.6708 9.7348 0
7.8833 10.2202 0
9.6038 11.0041 0
13.0688 12.2274 2
14.7615 9.6777 2
13.4532 12.2203 2
0.1284 17.1617 1
10.6686 10.1415 0
14.5101 10.8643 2
8.0499 12.7983 0
8.3533 9.9688 0
2.3062 7.1787 1
9.3433 11.5894 0
11.1758 3.0996 1
9.0011 11.3425 0
9.6679 2.4810 1
5.7178 4.9515 1
8.2976 10.6738 0
-0.3555 14.1684 1
5.6948 17.0653 1
2.5433 10.9314 1
7.7848 18.3316 1
9.0797 11.9067 0
3.7787 12.0711 1
10.6464 4.4283 1
8.9951 8.6010 0
1.6855 6.6149 1
9.1403 10.6615 0
8.7431 11.7949 0
9.0208 10.0172 0
8.9549 10.1913 0
16.5145 13.2870 2
9.6855 11.9262 0
11.0909 17.0715 1
13.4500 9.2446 2
2.6795 7.0183 1
15.3566 14.6547 2
15.6598 9.7722 2
17.0491 12.3072 2
15.8988 12.2744 2
9.0412 12.1623 0
8.3159 3.4863 1
1.2869 14.9410 1
6.9162 3.4356 1
8.6504 11.8765 0
13.0879 17.4480 2
7.8977 4.3664 1
13.8014 10.9112 2
8.2753 10.6171 0
7.1936 12.8971 0
8.3966 9.8442 0
8.5612 10.0752 0
2.7690 13.0504 1
9.3103 11.3962 0
15.0967 15.3065 2
2.7953 5.8537 1
1.3116 13.4211 1
14.2641 9.6925 2
7.9838 10.3592 0
4.3787 5.7333 1
8.1854 12.1761 0
15.7773 10.4873 2
14.2492 9.6396 2
9.1655 12.2262 0
8.0685 11.8687 0
5.1858 3.0797 1
9.9519 10.6207 0
16.0551 9.4266 2
9.2836 9.8483 0
7.0705 2.6564 1
11.6486 10.9571 0
2.2966 10.3470 1
1.6160 11.4272 1
14.7031 10.5429 2
10.2956 10.9475 0
9.6376 3.8814 1
13.6534 12.3967 2
16.0533 14.1265 2
2.3109 11.9269 1
7.9515 9.8513 0
2.6718 10.2382 1
5.9260 17.7619 1
12.7563 18.9502 1
9.5514 10.1410 0
15.6540 13.2265 2
9.7185 10.6689 0
8.5374 11.0365 0
2.0766 8.7583 1
7.9174 13.3418 0
16.5364 11.2674 2
17.2753 13.1206 2
11.9585 10.8943 0
1.2125 3.7390 1
9.7832 11.4860 0
13.9932 12.6821 2
7.1621 17.1066 1
9.0240 11.8610 0
10.3468 18.9021 1
14.0674 4.6422 1
2.8080 5.9570 1
7.0686 18.9845 1
1.7051 10.9829 1
3.8399 4.9184 1
4.5045 4.1777 1
14.1901 20.4856 2
4.3087 4.5026 1
12.6841 18.0525 1
1.8402 17.1283 1
13.9996 13.7450 2
8.8967 10.1401 0
5.0692 17.9348 1
8.2871 11.0562 0
7.7376 10.1962 0
3.4262 18.8096 1
10.0900 4.0687 1
9.8310 11.6642 0
15.1287 14.4102 2
8.8375 11.2234 0
14.7490 12.8973 2
7.8438 9.4592 0
2.7365 12.9659 1
1.1919 6.5256 1
15.3655 13.4833 2
15.6801 9.1035 2
10.2658 12.5178 0
2.7476 6.0642 1
15.4358 13.6138 2
13.8793 7.4086 2
16.6840 16.9249 2
10.1375 10.7563 0
9.6472 11.8593 0
8.0655 11.0903 0
8.7130 12.0869 0
6.8592 11.0376 0
0.7670 13.0519 1
2.1411 7.3431 1
3.7102 5.2767 1
9.6514 3.9509 1
10.2994 11.6217 0
14.8119 12.7427 2
9.0199 11.9822 0
9.4136 3.4471 1
14.5258 7.8826 2
10.4750 9.6743 0
8.9142 10.4337 0
8.1800 11.2000 0
14.3393 4.4336 2
1.0021 17.0533 1
13.8602 17.4459 1
5.9501 3.1881 1
7.4677 12.2370 0
10.7277 4.7435 1
4.6217 16.7513 1
13.1449 11.6641 2
2.8573 5.9907 1
6.8692 16.7062 1
9.8001 10.6129 0
8.3425 10.2763 0
16.4261 18.4876 2
15.1423 16.9294 2
9.3239 11.1203 0
14.7054 9.0691 2
1.9087 7.1163 1
15.6473 10.7416 2
9.3344 12.2575 0
8.3410 10.1398 0
3.7391 4.6354 1
8.9597 11.0434 0
9.8678 12.7291 0
11.1325 4.2408 1
2.7824 6.1582 1
14.3828 11.6393 2
7.8484 11.2078 0
2.7109 14.4986 1
13.8159 13.1609 2
1.2006 4.9970 1
8.5135 8.5694 0
8.7230 10.0353 0
8.8895 9.9695 0
9.1880 4.2630 1
10.6953 10.8916 0
2.0013 12.6456 1
1.3949 9.5574 1
7.6238 9.1591 0
8.2885 11.3389 0
5.5718 4.6778 1
10.5887 12.3174 0
4.2649 19.1404 1
11.6888 3.9350 1
1.5837 7.5768 1
1.9001 6.3164 1
9.2892 11.6354 0
1.6650 12.1427 1
9.4808 11.8441 0
6.9232 4.5643 1
17.1159 15.7167 2
13.6546 11.4945 2
2.3280 5.8403 1
13.4667 3.2244 1
5.8304 4.9766 1
11.4575 9.9257 0
2.4618 6.6697 1
1.3681 8.5580 1
8.7534 12.8418 0
0.9439 13.1017 1
8.2808 9.8373 0
7.8924 4.8261 1
8.5857 9.5599 0
9.8152 10.6132 0
7.3185 3.4466 1
9.4233 10.7889 0
2.9712 6.4140 1
10.5226 1.8076 1
14.2479 5.0140 2
9.3427 3.7535 1
14.9376 9.4599 2
1.0705 16.5411 1
7.6494 11.1388 0
13.7821 12.8597 2
1.0779 7.7888 1
9.7660 9.8921 0
1.9874 6.0889 1
1.0656 12.1805 1
14.9393 8.4098 2
14.9403 13.2068 2
2.0575 11.3315 1
10.3596 9.6396 0
9.0337 11.8730 0
1.8341 6.4676 1
3.5305 4.9948 1
3.8444 5.9019 1
7.1535 2.3096 1
10.3541 12.0971 0
6.2940 1.9616 1
2.8808 4.4138 1
8.2941 11.0596 0
9.1254 10.8916 0
7.8539 12.7612 0
0.7926 14.0151 1
6.9989 2.5668 1
8.7612 10.8424 0
9.6732 3.5964 1
14.8793 9.8964 2
7.2022 11.5612 0
9.2688 10.5956 0
3.1821 6.8964 1
5.8374 2.4059 1
2.9962 9.6435 1
10.1984 10.7259 0
8.9653 10.3262 0
6.2987 11.3094 0
6.9288 11.7371 0
14.9345 14.7982 2
8.4123 10.6257 0
8.1009 10.7023 0
10.0183 18.5265 1
-0.0018 14.7446 1
15.9208 6.7747 2
14.7450 8.1754 2
8.6938 9.8266 0
3.6670 6.2217 1
16.7547 16.4559 2
8.9105 17.8240 1
7.5980 5.0131 1
9.4440 11.9428 0
9.5545 11.5041 0
1.1662 9.2331 1
9.9632 11.3750 0
10.3192 10.8863 0
14.7956 14.0809 2
7.7839 10.5779 0
9.0217 9.7241 0
