7.4921 3.4956 1
8.4037 4.5652 1
7.8062 4.0062 1
8.4253 5.2869 1
6.3170 0.5191 1
4.0502 4.2200 0
7.8142 3.4318 1
7.7984 4.0165 1
3.3931 3.6217 0
3.2612 2.5808 0
3.4298 2.6913 0
4.3424 5.1106 0
3.5010 2.7673 0
8.4039 4.2165 1
8.0264 4.4288 1
3.0980 2.4861 0
4.0656 4.5151 0
4.2327 3.7404 0
8.0372 3.4909 1
5.5957 6.7484 0
8.6063 4.6969 1
3.7583 2.8905 0
4.6285 4.5076 0
7.9510 3.2996 1
8.6401 4.9530 1
3.2269 2.0747 0
4.5308 5.1322 0
4.7521 5.1612 0
7.9996 3.2190 1
3.7362 3.9444 0
3.4344 3.0754 0
7.2977 2.5763 1
8.7071 4.8748 1
7.5126 3.4345 1
4.2394 4.0153 0
4.3874 5.1736 0
4.6515 4.6602 0
4.1567 4.1751 0
2.9683 2.7821 0
3.7879 3.4767 0
4.5242 5.2419 0
6.8830 2.5161 1
4.4981 4.9031 0
8.4950 4.9625 1
7.6901 3.0850 1
6.8589 2.9761 1
3.5937 3.2281 0
4.0199 4.4861 0
4.8123 5.6991 0
4.8716 5.0095 0
8.3869 4.2159 1
4.5026 5.0340 0
4.1154 4.1593 0
7.9421 4.3258 1
7.3573 2.2199 1
8.4256 4.1453 1
8.5190 4.7521 1
7.3383 3.2009 1
4.8811 5.2831 0
3.6938 3.1557 0
8.6542 4.6154 1
4.7668 4.7298 0
8.7695 5.0771 1
4.4088 5.1522 0
7.5966 3.5436 1
7.9253 4.3297 1
7.4689 3.1161 1
3.7557 3.5178 0
4.8573 5.1897 0
8.5685 4.6800 1
8.8109 5.2939 1
9.1828 6.4587 1
8.8072 5.5753 1
7.6239 2.5750 1
4.7943 5.6222 0
6.6479 1.3852 1
4.4182 4.8894 0
4.3791 4.5595 0
7.8601 4.2952 1
3.5081 3.2649 0
4.9173 5.3313 0
8.4462 5.1874 1
5.3217 5.5221 0
8.1861 4.3182 1
7.8659 3.3720 1
8.1723 4.4909 1
8.6825 5.2921 1
7.3863 2.5810 1
7.8874 3.5193 1
8.3803 5.4334 1
4.6400 4.3386 0
8.6000 4.9858 1
7.5005 3.1938 1
7.7998 3.6485 1
4.8702 5.9650 0
8.0776 4.4923 1
8.2647 4.7185 1
3.9522 3.9517 0
4.4936 4.5771 0
3.6905 3.5504 0
3.6033 3.6446 0
7.9948 3.5718 1
8.7415 4.9972 1
8.2539 5.0397 1
3.5986 3.3385 0
8.2836 4.1808 1
4.5555 5.5401 0
8.7427 5.1710 1
8.5392 5.2920 1
8.1369 4.3536 1
8.1094 3.5711 1
7.9654 4.2330 1
3.3761 3.2730 0
4.5675 5.3443 0
8.2734 4.4044 1
8.2774 4.2894 1
4.5289 4.7153 0
8.2294 3.3937 1
8.0262 4.2039 1
3.7060 3.2904 0
7.6044 3.7826 1
7.8183 3.8929 1
3.6439 3.0933 0
8.1166 4.2127 1
7.9905 3.9692 1
3.4479 2.6475 0
4.8840 5.4660 0
4.5742 4.5910 0
4.6108 5.3602 0
7.7588 3.6501 1
3.5950 3.6390 0
4.1476 5.2935 0
3.5033 2.6200 0
7.8652 3.5603 1
7.5727 3.4440 1
3.5271 3.1747 0
3.2866 2.2595 0
8.5894 5.0827 1
8.6848 5.0952 1
8.2784 4.8269 1
4.3708 4.5508 0
4.2725 4.8659 0
8.7691 5.6990 1
8.8924 5.7670 1
3.2895 2.8650 0
3.4533 2.8450 0
4.6816 5.3888 0
3.4788 2.7689 0
7.5683 3.3468 1
3.6646 3.5321 0
5.1032 6.1352 0
9.0636 5.5605 1
3.0685 2.7046 0
3.6295 3.4625 0
4.4838 4.3483 0
7.8659 3.5040 1
3.9670 4.1173 0
3.4810 3.4026 0
4.2367 4.9038 0
4.5678 5.2713 0
2.7341 1.5784 0
3.7314 3.8925 0
4.7644 6.0026 0
8.4524 4.2848 1
7.9601 3.7488 1
7.8423 3.0290 1
8.6816 4.2609 1
7.6235 3.4943 1
7.5050 3.4796 1
8.2120 3.5381 1
8.3380 4.4177 1
4.4345 4.9449 0
3.6893 3.7749 0
4.4535 4.7401 0
7.9415 4.2068 1
8.2089 5.2552 1
8.5327 4.8692 1
3.6655 3.2479 0
7.5564 3.3083 1
4.6723 5.5640 0
4.5257 4.7707 0
8.6776 5.4827 1
8.0826 4.0667 1
8.1272 3.5501 1
4.3848 5.3310 0
3.7555 4.1675 0
3.2226 3.1796 0
6.8415 2.9734 1
4.3230 4.5188 0
7.4934 3.4467 1
5.4923 6.7717 0
7.7750 3.3648 1
3.9626 3.7778 0
3.5284 3.1304 0
4.4532 4.5201 0
8.1358 4.0686 1
3.2415 3.4296 0
4.9696 5.2485 0
3.8175 3.7291 0
4.4329 4.4938 0
7.2408 2.2073 1
8.2733 4.6171 1
7.5512 3.5457 1
7.9568 4.3858 1
4.0613 4.4415 0
4.1890 4.2188 0
8.2843 4.0136 1
3.8495 3.9041 0
4.3295 5.0074 0
7.7179 3.7124 1
7.8679 3.8405 1
3.4916 2.5411 0
4.0668 4.9965 0
4.9166 5.5871 0
7.9164 3.3690 1
4.2359 4.1494 0
4.0946 4.7219 0
4.5734 4.7042 0
3.8782 3.8799 0
7.5621 3.0158 1
7.8010 2.9391 1
3.1799 2.6451 0
4.0981 4.1041 0
8.1965 4.5994 1
7.7525 3.4734 1
3.9651 3.8598 0
7.5739 3.4274 1
8.2173 4.1723 1
3.4234 3.0639 0
4.3554 4.7084 0
8.3694 4.5211 1
4.3909 4.3518 0
4.7690 5.6595 0
8.5718 4.9190 1
3.3361 2.6759 0
4.1333 4.5003 0
8.8305 5.2889 1
4.4595 4.7953 0
3.6072 3.4245 0
3.1310 2.5279 0
8.4173 4.1834 1
8.0564 3.6116 1
8.6398 4.3497 1
8.0505 3.2870 1
3.2267 3.1575 0
3.6988 3.3854 0
4.4958 5.0135 0
3.6830 2.5603 0
3.6457 3.1527 0
7.8806 3.3663 1
4.5055 4.3309 0
3.2165 2.7633 0
3.7640 4.0639 0
9.4562 6.7320 1
8.4433 4.6864 1
7.7970 3.4360 1
8.2095 4.1637 1
4.9275 5.7481 0
7.4861 3.3315 1
3.9795 4.1520 0
7.7684 3.8169 1
6.7887 1.6438 1
7.1969 2.6978 1
7.8543 3.8968 1
8.6442 5.4342 1
5.0638 5.7467 0
3.6501 3.0709 0
8.4121 4.9103 1
8.3318 3.9845 1
3.6536 3.1677 0
7.3376 2.7050 1
8.1887 4.3514 1
8.9644 5.7805 1
3.1338 2.5479 0
8.9655 4.9154 1
7.1041 2.7525 1
3.8066 3.8364 0
8.6832 5.6781 1
8.1535 4.2709 1
8.0372 4.1010 1
4.3353 4.3946 0
8.0580 3.9977 1
3.7733 4.0659 0
3.8015 3.1710 0
7.8495 3.3628 1
3.8807 3.8237 0
7.6000 4.1649 1
4.6635 4.9610 0
4.8329 5.8418 0
4.1420 4.4345 0
3.1541 2.0983 0
4.7325 5.1609 0
8.3999 4.4737 1
3.3607 2.8925 0
4.1869 4.4707 0
7.5330 3.1643 1
8.5237 4.9016 1
3.9027 4.1642 0
8.4102 5.4042 1
9.1063 5.7199 1
7.6505 3.7741 1
7.9169 3.9228 1
3.4655 2.8402 0
4.5730 4.8881 0
3.4316 3.4600 0
6.9725 2.2476 1
7.4238 3.2349 1
4.0536 4.5525 0
4.1749 5.1115 0
8.0922 4.0282 1
7.9520 4.0659 1
4.9587 5.9858 0
3.8949 4.4149 0
3.5987 2.8402 0
7.9273 3.3945 1
7.3137 2.7535 1
2.5675 1.6822 0
4.2038 4.7387 0
8.0263 3.4959 1
8.2414 4.0630 1
8.3729 4.9245 1
8.2029 4.3500 1
3.2501 2.4120 0
7.0801 2.0617 1
7.4439 3.0358 1
4.0132 4.0441 0
3.9541 3.8651 0
3.4706 3.1760 0
4.1109 4.1723 0
3.7304 3.3854 0
7.3171 2.6060 1
8.2999 4.6290 1
4.7930 5.5006 0
5.1619 6.3252 0
4.5188 4.8679 0
8.2834 3.9976 1
4.3898 4.8349 0
8.5507 4.8006 1
8.1629 3.8889 1
8.2162 4.1156 1
7.9321 3.6951 1
7.4214 3.2095 1
7.1825 2.9022 1
4.2083 4.5942 0
3.0292 2.9532 0
4.1837 3.9163 0
3.3768 3.2113 0
7.4067 2.8325 1
4.6896 4.9683 0
7.9738 3.0040 1
8.3649 4.7835 1
4.1983 3.7803 0
8.0980 4.4196 1
3.5746 3.2909 0
3.8355 3.7894 0
3.6862 3.3991 0
3.8134 3.8227 0
3.4710 3.5220 0
7.6384 2.9171 1
4.0319 3.2963 0
3.9116 4.4795 0
7.6573 3.0402 1
4.4336 4.6060 0
4.4766 4.9091 0
4.5199 3.6119 0
8.5439 4.4608 1
4.4014 4.5694 0
8.0618 3.9629 1
8.7465 4.9384 1
7.3994 2.5756 1
3.5181 3.2983 0
7.7740 4.0408 1
3.7793 3.5698 0
3.2352 3.2142 0
4.3348 4.5557 0
7.6976 3.9480 1
8.1211 4.2910 1
8.0768 4.3910 1
4.6014 5.9733 0
4.8244 4.9126 0
8.7662 5.6500 1
4.1950 4.0647 0
7.8065 3.3050 1
4.2205 4.1538 0
4.4692 4.2801 0
3.2393 2.6164 0
3.5045 2.6391 0
4.5151 4.2749 0
3.8618 3.7931 0
8.2504 4.0153 1
8.9436 6.1302 1
8.5867 4.8700 1
7.5186 3.4250 1
7.4050 3.1034 1
8.3488 4.1184 1
3.5224 3.4042 0
8.4079 4.7397 1
4.0880 4.2331 0
4.4599 4.8239 0
4.0601 3.4861 0
4.7196 5.5339 0
6.6344 1.3587 1
3.3256 2.9291 0
4.5170 4.4945 0
8.7702 4.8484 1
8.5593 5.2273 1
3.9631 4.0016 0
8.7167 5.0403 1
9.2931 6.0148 1
3.8095 3.1611 0
3.8514 3.6337 0
7.9389 4.0304 1
4.1141 4.3761 0
9.4278 6.9022 1
8.6214 4.8360 1
3.5818 3.2939 0
4.4666 4.8486 0
3.9436 3.7733 0
4.0377 4.9455 0
7.7392 3.6931 1
4.4587 4.4714 0
3.4094 2.6347 0
7.7142 4.2535 1
3.6117 3.5519 0
7.1837 3.3630 1
8.2492 4.0430 1
3.1933 2.8209 0
7.6860 3.2541 1
7.9981 4.2032 1
3.8472 4.0096 0
3.7724 3.3427 0
8.2673 3.9012 1
8.4264 3.7842 1
8.2306 4.2570 1
4.3373 4.8754 0
7.4489 2.8206 1
3.6591 3.2926 0
3.5518 2.8890 0
7.7222 2.9927 1
8.3677 4.8655 1
7.1576 2.9344 1
9.1589 6.1133 1
4.3660 4.1970 0
4.3264 4.2053 0
3.3372 2.9268 0
8.5716 5.3708 1
8.6354 5.4427 1
7.3056 2.1876 1
8.1979 3.5446 1
4.3090 4.7397 0
7.9628 3.2083 1
8.0501 4.1635 1
7.1758 2.8945 1
7.5263 2.7217 1
4.3813 4.6528 0
3.3914 3.1183 0
4.2499 4.4514 0
4.2123 4.8993 0
3.8712 3.6130 0
4.7282 4.7180 0
8.7714 5.6617 1
3.8966 4.3569 0
7.0611 1.9771 1
9.0201 5.5280 1
7.7072 4.0628 1
7.9870 3.8291 1
8.9244 4.7598 1
7.7667 4.0481 1
8.4589 3.9110 1
4.1981 4.0531 0
3.3451 3.7534 0
7.7067 3.3544 1
8.2873 4.3302 1
7.3641 2.8657 1
4.0496 4.2460 0
3.7378 3.7705 0
8.8701 5.8610 1
8.9774 6.3698 1
3.7878 3.4475 0
3.4221 3.6171 0
4.9161 4.9234 0
3.3586 3.0292 0
9.3458 6.7183 1
3.2353 2.2290 0
7.6127 2.7486 1
7.6320 3.3362 1
7.6256 3.3270 1
4.3157 4.9884 0
8.3295 3.9033 1
4.0146 4.0394 0
8.5564 5.0030 1
7.7262 4.1221 1
7.7747 3.5354 1
7.0756 2.8792 1
7.8573 4.1357 1
3.6732 3.4533 0
7.2210 2.7357 1
8.2683 5.0869 1
3.8158 3.6675 0
4.3834 5.0264 0
4.3438 4.8061 0
3.5479 3.1811 0
7.5172 2.8172 1
8.1961 4.2724 1
8.3357 4.6210 1
7.4753 2.7484 1
7.8717 4.1099 1
8.2759 4.1805 1
4.3727 5.2232 0
4.1445 4.0333 0
8.0448 4.1823 1
3.9506 4.0753 0
7.4695 2.4093 1
8.0931 4.2718 1
5.6037 5.9912 0
4.3589 4.1583 0
8.7953 5.3406 1
3.3178 2.9361 0
3.4511 2.2215 0
2.4848 1.0443 0
7.8179 3.5591 1
4.2938 4.5887 0
3.3794 3.7244 0
8.4559 4.4873 1
3.4518 3.2336 0
8.6103 4.8138 1
8.9475 5.8327 1
7.3291 3.5095 1
7.5466 3.4713 1
3.7134 2.7990 0
5.0310 5.4039 0
3.6527 3.3309 0
4.2412 4.4504 0
8.4374 4.1111 1
8.2848 4.5919 1
8.3839 4.7462 1
7.9261 3.5791 1
4.7741 5.2588 0
7.4323 2.6990 1
5.3338 5.8681 0
3.3445 2.5457 0
8.5715 4.4411 1
7.2372 2.4734 1
7.6422 3.3819 1
7.2669 2.9804 1
4.3115 5.2125 0
4.5326 4.1247 0
4.1886 4.3502 0
3.0148 2.8876 0
8.9724 5.4382 1
7.7041 3.2515 1
4.4998 5.3466 0
3.6543 3.4069 0
7.8177 3.2390 1
8.5579 6.0690 1
8.1785 4.4647 1
4.2793 4.3286 0
3.4928 3.3281 0
3.9886 4.0998 0
8.0537 3.6683 1
4.0223 4.0090 0
7.5445 4.0180 1
4.5251 4.8500 0
4.2460 4.1537 0
7.7421 3.1670 1
7.8582 3.5729 1
8.2879 4.0080 1
4.4341 3.9659 0
4.8774 5.5847 0
8.1988 4.3041 1
8.3932 4.5241 1
7.2826 2.1068 1
8.2094 4.4399 1
3.7633 3.4434 0
5.1939 5.4465 0
3.8942 4.0422 0
4.5336 4.9742 0
7.5653 3.1657 1
4.2955 4.4426 0
8.6149 4.6975 1
7.7023 4.0754 1
8.4418 4.9127 1
3.3822 2.5134 0
2.8636 1.8384 0
4.0758 4.0778 0
2.9436 2.5392 0
3.8432 4.2584 0
3.5735 3.0173 0
3.9236 3.9766 0
7.3537 2.5510 1
4.6036 4.7477 0
8.3898 4.1691 1
6.8918 2.1485 1
8.3280 4.0346 1
3.2783 2.9628 0
4.6576 5.6185 0
3.6269 3.3260 0
5.0565 5.6339 0
8.0043 4.1571 1
4.2247 4.0971 0
4.4218 4.6695 0
8.8901 5.9368 1
8.1205 3.3921 1
4.2337 3.9467 0
8.1232 4.3444 1
4.4687 4.5882 0
8.7628 5.2569 1
6.8306 1.6850 1
4.0108 4.2455 0
2.3792 1.9896 0
8.2334 4.4640 1
7.7137 3.7751 1
4.1211 3.9672 0
8.0445 3.7207 1
8.0455 3.0664 1
8.3025 4.6065 1
7.6834 3.3452 1
8.0857 4.2468 1
7.9180 3.1003 1
7.6464 3.1937 1
8.1162 4.2901 1
4.0615 4.7238 0
4.8106 4.7165 0
7.5479 3.2578 1
7.3959 3.5764 1
8.5627 5.1221 1
4.4337 5.0236 0
4.7976 5.9765 0
3.8757 3.6590 0
3.9492 3.9108 0
4.0364 4.5081 0
7.8438 2.8166 1
8.4199 4.6579 1
4.2052 4.0755 0
7.8095 2.7416 1
4.2701 4.1165 0
4.6655 4.4425 0
3.9844 4.3795 0
7.5010 3.1910 1
3.8103 3.7628 0
4.1233 4.3943 0
9.4391 6.5867 1
7.7985 4.0040 1
4.3458 4.4480 0
4.4045 4.8727 0
4.1724 5.1930 0
8.7853 5.2495 1
3.3575 2.7374 0
8.6296 5.2601 1
3.5990 3.2013 0
8.2724 4.0008 1
8.4042 4.5454 1
3.3338 2.9903 0
8.1880 4.0152 1
5.0387 5.2010 0
3.7662 3.4950 0
3.8160 3.4566 0
7.9871 3.6362 1
3.2953 2.8055 0
7.9033 3.6270 1
8.1832 4.7730 1
3.6293 3.6058 0
9.1238 6.2948 1
3.8730 4.2852 0
8.1773 4.3504 1
3.8025 4.4150 0
3.9817 3.2702 0
4.8396 5.3437 0
8.4725 4.5379 1
4.0230 3.6338 0
3.8006 2.9158 0
3.6732 3.6452 0
4.4839 4.7479 0
7.8367 4.4404 1
4.0219 4.3724 0
3.5816 3.6002 0
3.8490 3.0956 0
3.3977 2.6393 0
4.2303 3.9734 0
4.4931 4.4363 0
7.4148 2.9373 1
7.6526 3.6879 1
8.4685 4.9388 1
3.8420 3.2817 0
3.8328 3.2108 0
4.6757 5.3576 0
8.4613 4.1414 1
8.2998 5.0029 1
8.8991 5.7525 1
4.0218 4.3959 0
7.7379 3.4755 1
6.7547 2.0248 1
7.8187 3.2621 1
8.5759 5.6396 1
9.2772 6.2950 1
4.2511 4.0172 0
4.1556 3.8303 0
7.6869 4.1893 1
7.9997 3.6304 1
3.5516 2.7905 0
