7.3904 2.6230 1
8.5007 9.7311 0
10.6500 4.0014 1
9.7394 10.3433 0
7.0313 10.6725 0
8.6991 9.8781 0
2.1887 4.0299 1
3.9090 5.3245 1
7.0857 9.9854 0
1.7601 5.8781 1
1.8313 13.5160 1
8.3768 9.9299 0
9.1235 10.5201 0
1.5917 16.3374 1
7.5499 10.5662 0
6.7376 9.1962 0
6.6238 9.0512 0
5.7671 7.4752 0
9.8797 3.5290 1
10.6981 5.0123 1
4.7565 3.6138 1
9.2634 10.8589 0
7.3699 2.1088 1
1.0673 14.1051 1
6.8833 9.2202 0
6.9953 10.1419 0
6.4114 9.0343 0
8.6816 9.6640 0
7.1854 11.1761 0
7.7972 9.7082 0
0.0945 12.3574 1
6.9215 10.8511 0
3.5914 5.4461 1
9.5036 10.4905 0
2.4566 7.3395 1
1.2345 10.5256 1
7.9158 10.6457 0
8.6855 10.9262 0
7.7203 10.1355 0
8.6038 10.0041 0
8.8811 10.0839 0
7.7969 9.0675 0
1.2818 14.1531 1
9.4252 9.9993 0
8.4639 10.7370 0
3.3719 6.9120 1
1.9589 16.4456 1
-0.2080 17.3659 1
6.0896 10.6807 0
7.8301 10.6943 0
2.6058 6.1833 1
7.8604 11.2976 0
1.7668 18.1208 1
7.3908 11.2526 0
7.5696 9.8392 0
7.9683 11.4773 0
8.9801 10.2357 0
7.2375 12.0243 0
3.3966 5.3271 1
2.7822 5.2322 1
2.7582 12.2576 1
6.6741 10.4337 0
7.0892 10.8859 0
7.1696 10.5277 0
1.8604 8.9568 1
8.2892 10.6354 0
9.6853 2.9090 1
0.3442 16.8931 1
9.3234 11.1898 0
9.2264 11.8962 0
8.0412 11.1623 0
3.9703 5.4056 1
7.6978 4.9422 1
7.3025 11.6811 0
7.0128 10.4419 0
0.3695 12.8062 1
9.1375 9.7563 0
8.6794 3.5951 1
8.2211 4.9361 1
1.7212 17.3455 1
8.2688 9.5956 0
3.2485 5.6375 1
2.2379 16.7345 1
10.8439 3.3007 1
8.4504 11.2954 0
2.3704 6.3743 1
7.5857 8.5599 0
8.1804 10.2181 0
-0.5640 14.8832 1
1.3314 17.8779 1
7.6457 9.9723 0
8.1377 10.4476 0
1.5499 6.0635 1
5.7084 3.6171 1
9.0899 8.8474 0
7.7475 9.6573 0
8.8036 9.8797 0
7.0730 11.1664 0
8.6195 7.9541 0
9.1871 9.4665 0
6.0117 3.9450 1
9.7878 3.1926 1
8.5050 9.5595 0
8.3311 11.8504 0
8.4291 10.5108 0
1.0177 16.6821 1
9.1362 9.6914 0
10.5934 2.6688 1
9.0244 4.1203 1
7.0086 9.3295 0
7.9544 10.0680 0
6.0413 3.1431 1
1.3402 18.6619 1
2.6776 6.8240 1
7.9209 10.4190 0
7.7534 11.8418 0
1.7892 6.5160 1
3.4598 6.4904 1
8.3057 10.8619 0
6.5728 11.4497 0
2.7716 5.3059 1
0.5835 10.9869 1
2.7194 5.2115 1
0.0110 11.4938 1
2.5192 6.3248 1
4.5440 3.0101 1
7.8560 9.2613 0
11.8341 5.1070 1
8.9257 3.2140 1
8.4853 10.6406 0
2.8312 5.6617 1
7.1800 10.2000 0
4.0325 4.6057 1
8.7412 8.9032 0
6.8539 11.7612 0
1.8425 6.0135 1
1.4485 13.7986 1
1.2817 20.7056 1
8.8329 10.1148 0
4.1049 5.0076 1
7.4772 9.2975 0
2.9618 6.1119 1
10.8571 5.0939 1
8.0920 8.6075 0
11.0285 3.6680 1
7.8967 9.1401 0
0.3185 4.4332 1
9.1885 11.2806 0
7.7878 9.3746 0
2.3467 6.3434 1
8.6860 10.0986 0
1.6627 7.1766 1
-0.4678 15.0255 1
0.9172 15.6165 1
0.0417 16.6305 1
0.0652 16.1135 1
15.3052 3.8401 1
8.8970 2.8483 1
1.8463 16.1351 1
7.8606 10.7399 0
8.7770 10.0193 0
8.0036 4.3425 1
9.5205 10.4566 0
2.0904 6.3381 1
6.2962 3.3176 1
8.2908 9.3666 0
7.0387 9.5842 0
7.4692 7.9349 0
2.0031 4.5268 1
1.5207 7.1269 1
4.4708 4.8180 1
11.7897 3.7259 1
7.1441 10.2223 0
3.9268 4.7506 1
7.6707 9.6986 0
0.2328 16.9242 1
1.6039 7.2864 1
5.2833 3.4037 1
3.6368 5.4984 1
8.2340 10.2442 0
1.5554 13.1444 1
7.1826 9.7977 0
8.1093 8.3620 0
8.0199 10.9822 0
7.7041 9.7584 0
3.4083 4.8827 1
7.4525 8.8156 0
3.9933 5.2089 1
14.3584 3.4590 1
8.3587 9.6762 0
4.0657 4.4853 1
1.0326 19.7098 1
3.9428 5.4859 1
7.7853 10.3496 0
1.1785 17.1348 1
7.9549 9.1913 0
0.9366 16.3398 1
7.5501 11.1507 0
0.6309 16.8080 1
1.0797 12.7303 1
3.1914 5.9073 1
3.3283 6.5126 1
12.6644 2.6743 1
8.3103 10.3962 0
9.7176 8.8904 0
8.7767 8.5753 0
1.1672 15.7372 1
9.3892 9.8051 0
7.7066 10.9493 0
11.1599 1.9518 1
3.1913 6.0238 1
9.9591 10.4267 0
2.9700 6.1506 1
7.2941 10.0596 0
8.9519 9.6207 0
6.9064 2.7130 1
7.4140 10.0563 0
7.9764 10.7926 0
0.3582 17.3693 1
1.3280 6.3631 1
8.2204 10.1357 0
8.0894 3.9709 1
1.9193 7.5063 1
3.1447 4.8471 1
7.9761 9.3845 0
10.6641 4.3549 1
8.4831 9.4926 0
10.9585 9.8943 0
9.2842 11.8080 0
7.4239 10.1799 0
2.4276 3.7132 1
0.0346 11.5614 1
7.6783 10.8208 0
0.6937 12.0276 1
-0.2387 17.3605 1
2.8206 5.3708 1
4.6583 4.2364 1
8.8411 11.1485 0
8.5238 9.6641 0
0.3447 16.5702 1
7.2614 5.0133 1
5.5150 5.8063 1
7.5661 10.9021 0
-0.1973 18.0539 1
11.4425 9.4243 0
12.2795 3.2627 1
2.2362 6.8535 1
7.5310 10.5377 0
9.1478 3.3530 1
3.1897 5.1227 1
1.8728 7.0861 1
8.9623 8.5678 0
-0.4365 16.7293 1
6.2537 7.6433 0
8.9680 11.5598 0
9.9441 4.9977 1
4.2276 4.8472 1
-0.5850 15.3924 1
9.3592 10.5574 0
6.3426 9.9413 0
5.1355 3.6428 1
8.0102 10.5691 0
2.3142 11.5834 1
1.3829 8.0233 1
9.6421 4.4350 1
9.2946 9.0123 0
2.7859 6.8067 1
3.5015 5.8554 1
7.3425 9.2763 0
7.5287 9.7101 0
2.8597 6.5579 1
7.3445 12.5136 0
7.7849 9.2957 0
7.4028 11.4042 0
3.5532 4.8647 1
7.9073 9.8427 0
3.3213 5.5016 1
0.6285 15.2484 1
6.4715 11.0501 0
7.7494 9.6657 0
1.6165 17.5170 1
7.9507 9.8292 0
3.8841 3.9566 1
8.7185 9.6689 0
7.6968 10.7661 0
8.4307 9.9856 0
3.0209 6.6323 1
-0.2464 19.2364 1
5.1722 9.2664 0
6.9817 11.0502 0
7.1748 9.4460 0
9.7386 3.0623 1
-0.4606 16.8358 1
9.5353 10.9548 0
3.2298 4.8752 1
8.5953 11.2476 0
4.5140 4.5226 1
7.8130 2.3082 1
8.7043 9.7697 0
1.1281 15.0166 1
6.7814 9.4297 0
6.8242 4.5362 1
2.4519 4.0594 1
8.2892 10.1847 0
1.7208 6.2995 1
8.5514 9.1410 0
1.2003 15.0617 1
8.3736 9.3597 0
7.3325 10.8053 0
3.6509 5.8523 1
7.4242 9.4642 0
11.8096 3.4344 1
8.1249 10.5255 0
8.5939 9.6869 0
2.1913 6.5443 1
6.8002 10.3550 0
8.7352 10.2505 0
3.1138 20.1398 1
6.6850 8.6837 0
2.2930 5.8342 1
3.2757 5.9496 1
5.7257 2.8373 1
6.9903 10.1103 0
6.6224 10.1848 0
8.8466 10.1922 0
6.9337 2.7033 1
7.8998 9.0242 0
8.5735 8.5943 0
1.8112 6.5600 1
3.9240 5.6298 1
8.4952 9.8702 0
6.0133 3.5659 1
4.7927 4.7438 1
6.1717 10.4401 0
8.5333 9.4082 0
8.0658 3.0172 1
0.7236 14.0626 1
2.9092 5.8723 1
6.6878 4.3187 1
-0.4485 11.3150 1
7.3428 9.4741 0
8.9241 8.8586 0
-0.0674 15.2550 1
5.6850 10.2171 0
3.5074 5.6713 1
13.1606 5.5336 1
3.3582 5.1283 1
2.4891 6.4799 1
8.4498 9.7411 0
7.7612 9.8424 0
3.8435 4.7924 1
7.6078 11.0383 0
6.3698 10.4177 0
0.2505 13.1735 1
6.9174 12.3418 0
8.8688 10.4467 0
3.0343 5.6064 1
8.8001 9.6129 0
10.6534 6.1582 1
1.2710 19.8320 1
8.6635 11.8505 0
8.6456 10.9730 0
9.1401 9.1925 0
3.2065 6.3485 1
8.1525 11.0459 0
6.8803 11.1764 0
9.8238 10.2125 0
8.7395 10.7009 0
7.6992 4.0683 1
9.3192 9.8863 0
2.1801 13.4292 1
-0.7201 3.8493 1
7.8467 4.9501 1
1.7657 18.6700 1
2.8734 5.8490 1
7.8114 9.9657 0
1.9588 6.5723 1
2.2073 5.9413 1
7.7923 10.0577 0
0.9232 7.3212 1
7.1112 10.2756 0
13.7150 4.5125 1
1.8675 5.5974 1
8.4153 10.1238 0
8.6108 10.1642 0
1.6311 12.6863 1
2.4051 14.2578 1
3.1465 6.0852 1
7.3874 9.5128 0
0.3100 15.1803 1
5.8099 3.6554 1
1.1089 13.0772 1
2.7174 5.4096 1
8.3385 10.0492 0
4.1426 4.2278 1
0.9265 16.4257 1
7.1331 8.4218 0
4.0533 4.5673 1
7.6372 2.7325 1
0.4502 15.8394 1
0.7550 13.9088 1
1.6418 13.3807 1
2.1330 14.4348 1
9.9210 5.0924 1
7.9886 9.1531 0
-1.0344 21.8284 1
3.2843 5.3176 1
7.1253 10.1996 0
7.6361 2.9204 1
7.6575 11.5055 0
3.5572 3.0909 1
4.3912 5.5493 1
4.2831 5.5263 1
8.0578 10.1011 0
2.0193 6.0200 1
8.0240 10.8610 0
4.9355 5.3250 1
7.2944 10.6360 0
-0.8833 16.3497 1
2.2868 6.9796 1
8.4643 12.3444 0
8.2317 6.8713 0
3.4175 11.1700 1
1.0815 19.1891 1
3.5994 6.5601 1
5.1611 4.2286 1
6.7620 10.4190 0
6.6818 10.6328 0
8.3700 9.1193 0
12.3713 3.8089 1
5.1962 9.7812 0
7.7155 11.4302 0
8.9837 11.4904 0
7.1984 11.2185 0
9.3193 10.5379 0
7.5931 10.7581 0
8.0337 10.8730 0
0.6337 14.2765 1
7.7312 8.8061 0
6.3661 8.0372 0
4.3934 5.6609 1
6.8484 10.2078 0
1.1628 11.1124 1
9.2336 10.3685 0
2.9390 5.3567 1
8.6095 9.9163 0
2.8471 5.2464 1
9.0550 8.5596 0
2.7401 5.1681 1
7.9706 10.2858 0
2.2343 10.3996 1
0.6179 11.7975 1
8.2147 11.7533 0
6.8871 10.2612 0
0.7597 15.2224 1
7.9313 3.1172 1
0.2793 18.6181 1
3.4141 4.4202 1
6.9678 9.2735 0
-0.0934 14.4551 1
7.8883 10.4439 0
8.1365 9.1397 0
2.3415 6.9293 1
2.3947 6.6487 1
7.4123 9.6257 0
6.5929 9.3765 0
0.7441 13.2926 1
0.8048 4.3163 1
8.6598 10.9247 0
0.6605 13.5851 1
1.5676 11.8866 1
7.8309 9.2245 0
10.6613 4.7921 1
9.0766 3.0304 1
5.3551 4.2754 1
0.4898 19.6030 1
10.0468 4.8593 1
2.7308 5.4885 1
-0.1042 17.7225 1
8.5545 10.5041 0
2.4523 6.0066 1
7.3410 9.1398 0
3.0935 13.5510 1
7.3850 9.5328 0
-0.2884 13.7052 1
8.3505 9.8126 0
12.0495 2.3708 1
8.1251 9.8302 0
9.1792 9.3640 0
7.2078 9.0790 0
7.5836 11.0162 0
8.9470 10.6658 0
7.7144 11.3525 0
9.0576 5.2575 1
10.4575 8.9257 0
9.9450 4.6135 1
8.2168 10.4199 0
7.8055 10.2866 0
1.0850 16.0750 1
9.3385 3.7889 1
7.2038 10.7940 0
8.2088 10.4818 0
8.9632 10.3750 0
8.4438 3.6615 1
0.7665 15.8209 1
3.1966 5.7867 1
7.2308 9.1297 0
8.8629 9.4836 0
9.8392 8.9786 0
3.4741 18.1675 1
2.4168 7.0534 1
7.0626 9.5073 0
7.4935 3.6293 1
-1.0278 18.8894 1
8.0914 10.0196 0
5.8607 9.8745 0
7.8269 11.2269 0
10.1218 10.2855 0
5.6363 4.0204 1
1.8913 5.9208 1
7.9951 7.6010 0
6.4667 8.6638 0
2.0058 11.7474 1
2.0455 6.5688 1
8.0553 10.7026 0
-0.3899 12.7629 1
2.9758 5.4196 1
7.3274 9.8154 0
3.9856 5.6162 1
6.8936 8.0615 0
0.2570 18.8948 1
9.0856 4.5894 1
5.2987 10.3094 0
6.9717 10.7615 0
6.9865 11.9983 0
2.9867 5.5008 1
-0.4972 13.0458 1
0.9092 21.6638 1
7.6824 7.9174 0
8.5266 10.7382 0
10.6702 4.3463 1
8.7189 7.6329 0
7.4547 11.3037 0
7.8899 9.5543 0
7.2217 10.3380 0
3.0148 5.8504 1
7.7273 8.7688 0
9.0308 10.6054 0
8.0499 10.2862 0
7.7230 10.1552 0
9.2618 9.9336 0
8.2938 8.5184 0
8.5852 8.5312 0
5.1985 10.1509 0
3.1467 5.4964 1
9.0718 10.6259 0
8.9768 10.3973 0
1.0060 15.9857 1
8.4880 10.9364 0
2.2301 6.9696 1
6.9513 9.1741 0
7.9548 11.1926 0
6.5547 11.0973 0
7.8888 9.7106 0
7.9638 3.2559 1
7.9172 11.8604 0
1.1147 7.3947 1
0.7017 10.3231 1
1.2108 18.6262 1
7.5708 5.4444 1
8.0927 6.7850 0
0.6004 11.3363 1
3.8193 5.9700 1
7.6703 8.7778 0
13.5158 5.2146 1
7.5519 10.0465 0
8.6877 10.2536 0
8.0363 11.3420 0
2.2639 3.0611 1
9.1164 10.8088 0
0.9050 22.7660 1
7.1124 9.6325 0
6.3413 10.5145 0
1.0056 15.9803 1
8.1450 10.2639 0
0.5852 13.1208 1
-0.2016 20.4327 1
5.8592 10.0376 0
1.2080 17.0131 1
6.9838 9.3592 0
0.9794 12.6108 1
3.4587 6.4460 1
6.8070 10.2828 0
7.5405 9.9338 0
7.5612 9.0752 0
6.7775 10.7204 0
6.4920 10.3518 0
2.8570 7.1269 1
7.2173 9.3031 0
6.4877 10.6326 0
0.3085 19.3791 1
6.7684 8.5806 0
0.9028 14.0167 1
2.8024 5.7167 1
2.9480 5.8337 1
1.3163 12.8640 1
4.7115 4.3661 1
9.5648 4.8130 1
10.1762 10.0593 0
5.8592 4.2434 1
8.5137 10.6903 0
5.0631 3.4045 1
6.9206 11.3932 0
7.1610 9.0457 0
5.6115 2.5134 1
8.9386 8.3743 0
8.7930 9.4062 0
7.5414 11.0422 0
7.7828 9.8627 0
5.4590 4.1172 1
2.8554 3.0002 1
11.9890 3.5114 1
9.9922 3.8327 1
9.1212 10.5712 0
7.8903 3.3262 1
3.6274 5.4504 1
4.8992 1.6453 1
6.1546 2.4779 1
6.9383 4.2101 1
8.4815 9.9697 0
3.0108 14.0534 1
6.7308 10.3684 0
1.3390 8.2719 1
1.0954 11.0652 1
7.2718 4.1906 1
7.2969 8.8133 0
1.2408 17.9581 1
2.3833 6.6843 1
2.1364 7.0159 1
5.1449 4.1490 1
9.1209 8.1618 0
4.2310 4.0617 1
8.4955 3.8358 1
2.3903 6.6727 1
1.5868 6.8728 1
7.4862 4.2234 1
1.2814 7.6642 1
6.9310 11.1257 0
9.1205 10.4631 0
8.5616 1.6246 1
9.1380 10.2792 0
0.1940 13.2853 1
0.9738 19.6382 1
7.2976 9.6738 0
0.3638 18.0676 1
9.3866 11.7703 0
-1.1083 4.3709 1
9.2738 3.5810 1
6.7901 11.3725 0
7.5983 10.3752 0
8.6715 9.9954 0
3.5854 4.8891 1
3.5409 14.0804 1
1.7104 18.5803 1
8.2571 8.1302 0
7.1598 9.8624 0
0.7364 15.1039 1
0.1598 23.4072 1
7.2100 9.5792 0
1.7878 7.5146 1
6.3234 10.3222 0
1.4373 15.1534 1
6.1823 9.3126 0
4.6729 4.5190 1
1.7489 7.5579 1
2.3513 6.5801 1
1.8123 7.0105 1
1.0060 7.6069 1
6.8944 4.8765 1
7.5512 10.2589 0
8.4794 9.5917 0
0.7025 15.5276 1
8.1543 9.7637 0
9.2254 2.7141 1
8.5429 8.2265 0
6.9908 9.5059 0
2.9953 6.2638 1
10.2551 12.5564 0
7.8831 8.9217 0
3.3393 5.9706 1
16.3757 3.9571 1
6.9398 8.4450 0
7.8687 9.2814 0
9.4164 3.0827 1
5.9288 10.7371 0
1.6296 6.3752 1
8.2521 4.9067 1
9.7138 9.2992 0
8.6990 10.3201 0
7.6321 3.1660 1
2.7268 6.4396 1
3.1868 6.0656 1
3.0506 5.8063 1
4.9537 3.8812 1
3.4410 6.1998 1
4.3669 5.0092 1
0.7894 21.1848 1
7.9058 9.3061 0
8.3281 9.0833 0
12.4611 3.5183 1
2.8672 4.8436 1
11.5012 4.1752 1
-0.3408 9.7083 1
6.6494 10.1388 0
0.5175 19.2253 1
7.7774 9.2610 0
2.0896 5.7051 1
8.0217 8.7241 0
2.1726 15.1692 1
8.7107 11.5681 0
7.8741 10.3450 0
6.8037 10.1425 0
7.1012 3.3201 1
2.7428 5.9323 1
8.4597 9.9263 0
9.2994 10.6217 0
7.8266 9.8555 0
0.9040 13.3247 1
8.7589 2.9919 1
7.2676 10.2939 0
7.0685 10.8687 0
6.0367 10.3347 0
8.4440 10.9428 0
13.2836 2.7348 1
8.3473 5.6520 1
7.6600 8.2108 0
7.4572 9.7646 0
1.8504 7.2547 1
7.8774 9.8043 0
7.6559 10.3641 0
2.4712 6.4537 1
3.9094 4.3472 1
-0.0596 16.7365 1
4.5203 6.4850 1
1.5451 13.6259 1
8.6672 10.7456 0
7.3331 8.0480 0
6.2572 10.4514 0
-0.1447 16.0250 1
7.7431 10.7949 0
1.6090 15.7379 1
7.2022 11.1397 0
9.0664 8.8948 0
9.2612 9.6660 0
2.7156 6.4967 1
7.7035 9.0227 0
8.7587 4.6070 1
7.3766 8.0624 0
9.3618 8.8813 0
7.9840 10.3049 0
8.4056 9.4790 0
2.4710 6.7871 1
7.8993 2.5805 1
8.7366 8.9618 0
5.0449 4.0903 1
1.2935 15.6069 1
8.7832 10.4860 0
8.6308 9.8093 0
2.1644 6.6491 1
8.9760 8.5038 0
9.8505 9.3579 0
8.1884 10.1225 0
2.1664 6.3594 1
3.7903 5.3310 1
7.6693 9.5488 0
8.5077 10.4089 0
7.2104 8.6295 0
9.6686 9.1415 0
0.7604 16.4090 1
10.0098 4.1603 1
10.3545 2.2792 1
8.0580 11.1505 0
0.9060 15.6264 1
7.7470 10.2155 0
1.1925 15.2535 1
7.4445 5.3076 1
7.1852 12.0128 0
9.2957 9.3229 0
4.6485 5.6039 1
6.3725 10.4233 0
13.3609 3.8916 1
7.0723 9.7584 0
2.1233 5.6516 1
8.7300 10.2252 0
3.4739 4.6010 1
11.0141 4.5708 1
7.7606 11.2877 0
6.7044 10.5895 0
8.2655 10.2949 0
8.6130 9.4895 0
0.1205 18.0729 1
8.4479 4.6741 1
7.5306 8.5163 0
8.3207 11.2003 0
0.9332 17.0042 1
8.2471 11.7114 0
2.5615 13.5203 1
4.6845 2.8513 1
8.9587 2.3904 1
8.1921 5.1009 1
7.5449 9.9702 0
7.8183 9.9055 0
10.4340 10.0225 0
14.2754 3.4910 1
9.3475 3.3869 1
2.5111 6.2620 1
6.8367 11.4778 0
7.1005 8.0517 0
0.6158 13.7368 1
7.2289 9.0450 0
8.5083 8.9197 0
3.5524 5.6820 1
5.1029 3.1709 1
7.4581 10.8685 0
0.3706 14.0787 1
10.3599 9.9313 0
9.9900 10.5318 0
3.2454 5.7195 1
9.0668 8.4918 0
6.1103 11.0307 0
7.0924 5.0869 1
2.2771 7.0474 1
7.5286 3.0709 1
1.0452 19.3205 1
6.6932 9.5172 0
2.3597 6.8252 1
3.9233 5.0941 1
9.4286 9.3045 0
7.4753 3.9268 1
8.8784 1.9849 1
